PocketMine-MP Crash Dump Mon Jan 10 07:03:38 CST 2022

Error: jojoe77777\FormAPI\Form::sendToPlayer(): Argument #1 ($player) must be of type pocketmine\Player, pocketmine\command\ConsoleCommandSender given, called in C:\Users\Admin\AppData\Roaming\PMMP\MineLight\plugins\Ngoc\src\NoobMCBG\Ngoc\Main.php on line 155
File: plugins/FormAPI_dev-10.phar/src/jojoe77777/FormAPI/Form
Line: 30
Type: TypeError

THIS CRASH WAS CAUSED BY A PLUGIN
BAD PLUGIN: FormAPI v1.3.0

Code:
[21]         $this->callable = $callable;
[22]     }
[23] 
[24]     /**
[25]      * @deprecated
[26]      * @see Player::sendForm()
[27]      *
[28]      * @param Player $player
[29]      */
[30]     public function sendToPlayer(Player $player) : void {
[31]         $player->sendForm($this);
[32]     }
[33] 
[34]     public function getCallable() : ?callable {
[35]         return $this->callable;
[36]     }
[37] 
[38]     public function setCallable(?callable $callable) {
[39]         $this->callable = $callable;
[40]     }

Backtrace:
#0 plugins/Ngoc/src/NoobMCBG/Ngoc/Main(155): jojoe77777\FormAPI\Form->sendToPlayer(object pocketmine\command\ConsoleCommandSender)
#1 plugins/Ngoc/src/NoobMCBG/Ngoc/Main(72): NoobMCBG\Ngoc\Main->MenuGiveNgoc(object pocketmine\command\ConsoleCommandSender)
#2 pmsrc/src/pocketmine/command/PluginCommand(54): NoobMCBG\Ngoc\Main->onCommand(object pocketmine\command\ConsoleCommandSender, object pocketmine\command\PluginCommand, string[4] ngoc, array[1])
#3 pmsrc/src/pocketmine/command/SimpleCommandMap(248): pocketmine\command\PluginCommand->execute(object pocketmine\command\ConsoleCommandSender, string[4] ngoc, array[1])
#4 pmsrc/src/pocketmine/Server(1809): pocketmine\command\SimpleCommandMap->dispatch(object pocketmine\command\ConsoleCommandSender, string[9] ngoc give)
#5 pmsrc/src/pocketmine/Server(1422): pocketmine\Server->dispatchCommand(object pocketmine\command\ConsoleCommandSender, string[9] ngoc give)
#6 pmsrc/vendor/pocketmine/snooze/src/SleeperHandler(113): pocketmine\Server->pocketmine\{closure}()
#7 pmsrc/vendor/pocketmine/snooze/src/SleeperHandler(75): pocketmine\snooze\SleeperHandler->processNotifications()
#8 pmsrc/src/pocketmine/Server(2155): pocketmine\snooze\SleeperHandler->sleepUntil(double 1641819818.6242)
#9 pmsrc/src/pocketmine/Server(1992): pocketmine\Server->tickProcessor()
#10 pmsrc/src/pocketmine/Server(1586): pocketmine\Server->start()
#11 pmsrc/src/pocketmine/PocketMine(330): pocketmine\Server->__construct(object BaseClassLoader, object pocketmine\utils\MainLogger, string[46] C:\Users\Admin\AppData\Roaming\PMMP\MineLight\, string[54] C:\Users\Admin\AppData\Roaming\PMMP\MineLight\plugins\)
#12 pmsrc/src/pocketmine/PocketMine(360): pocketmine\server()
#13 pmsrc(11): require(string[101] phar://C:/Users/Admin/AppData/Roaming/PMMP/MineLight/PocketMine-MP.phar/src/pock)

PocketMine-MP version: 3.26.1 [Protocol 475]
Git commit: 6b7d0307afb36a7faca2dd65734e15000baf17ba
uname -a: Windows NT WINDOW10 10.0 build 19042 (Windows 10) AMD64
PHP Version: 8.0.13
Zend version: 4.0.13
OS: WINNT, win
Composer libraries: 
- adhocore/json-comment 1.1.2@fc2f76979f0a44a5f5bc2a2b600d0762fe0e78e7
- daverandom/callback-validator unknown@unknown
- pocketmine/binaryutils 0.1.13@0abee38d4e2861621f262c79a2a3d699d8a697f4
- pocketmine/callback-validator 1.0.3@64787469766bcaa7e5885242e85c23c25e8c55a2
- pocketmine/classloader 0.1.3@3c484a27787f7732ce842ed694928a29ba340961
- pocketmine/log 0.2.1@830b44a2cf96ef703c550abe64302f230231ca49
- pocketmine/log-pthreads 0.1.4@01620c3628cdaa6b4a21122cff4c5d2f70b5c1d3
- pocketmine/math 0.2.6@43057cb8c179a9859677b496a788db922fd5cfc3
- pocketmine/nbt 0.2.18@9f82ca4d7f97fcd9a566e44b63c4f18a7657ae82
- pocketmine/pocketmine-mp 3.26.1@6b7d0307afb36a7faca2dd65734e15000baf17ba
- pocketmine/raklib 0.12.12@5abe22043352e94099e4edfcef5fb3644578ddc1
- pocketmine/snooze 0.1.6@92abf1e988c71635d466abb777f61f89e5a9c990
- pocketmine/spl 0.4.2@6b08b7cf8c4afa17139c9a1b3bf1b408531de161

Loaded plugins:
AntiBugs 1.0.0 by NoobMCBG for API(s) 3.0.0
AntiHack 1.0.0 by pmmp for API(s) 3.0.0
AntiToolBox 0.1 by NgLamVN for API(s) 3.19.0
AutoClearLagg 3.1.0 by Twisted for API(s) 3.0.0
AutoInv 0.0.10 by JackNoordhuis for API(s) 3.0.0
AutoLight 1.0.0 by NoobMCBG for API(s) 3.0.0
AutoSell 0.1.lpk by LamPocketVN for API(s) 3.0.0
AutoXP 1.1.0 by JackMD for API(s) 3.0.0
BachBaoDaoBags 1.0.0 by NoobMCBG for API(s) 3.0.0, 4.0.0
BaoLongQuanVuBags 1.0.0 by NoobMCBG for API(s) 3.0.0, 4.0.0
BlazinFly 1.8.7 by iiFlamiinBlaze for API(s) 3.0.0
BlockSniper 3.2.3 by BlockHorizons, Sandertv (@Sandertv), Chris-Prime (@PrimusLV) for API(s) 3.2.0
BoostPad 1 by BrokenItZAndrei100 for API(s) 4.0.0, 3.0.0
Broadcaster 1.5 by EvolSoft for API(s) 3.0.0
BuilderTools 1.2.0 by CzechPMDevs, VixikHD for API(s) 3.16.0
BungNo 1.0.0 by NoobMCBG for API(s) 3.0.0
BuyFly 1.0.0 by 1.0.0 for API(s) 3.0.0, 4.0.0
ChoDen 1.0.0 by NoobMCBG for API(s) 3.0.0
ChronoItems 1.0.0 by NoobMCBG for API(s) 3.0.0
CommandsMNF 3.0.0 by NoobMCBG for API(s) 3.8.1
ComplexHealth 1.0.0 by DuooIncc for API(s) 3.0.0, 4.0.0
CreditsAPI 0.0.3 by NoobMCBG, pmmdst for API(s) 3.0.0
Crossbow 1.0.9 by  for API(s) 3.9.0
CustomAlerts 2.1 by EvolSoft for API(s) 3.0.0
CustomJoinSound 0.0.6 by NhanAZ for API(s) 3.0.0, 4.0.0
CustomSetting 1.0.3 by LeNick for API(s) 3.0.0-ALPHA8, 3.0.0-ALPHA9, 3.0.0-ALPHA10, 3.0.0-ALPHA11, 3.0.0-ALPHA12, 3.0.0
CustomWings 1.0.0 by phuongaz for API(s) 3.0.0
DEVirion 1.2.5-ALPHA12 by poggit, SOFe for API(s) 3.0.1
DevTools 1.14.2 by PocketMine Team for API(s) 3.13.0
DichChuyenUI 1.0.0 by NoobMCBG for API(s) 3.0.0
Ding 1.0.1 by sn3akrr for API(s) 3.0.0
DinoUI 1 by AlvinMask for API(s) 3, 4
DisableTNT 1.0.0 by NoobMCBG for API(s) 3.0.0
DoEmote 1.0.4 by alvin0319 for API(s) 3.0.0
EconomyAPI 5.7.2 by onebone for API(s) 3.0.0
EggGrenade 1.0 by xZeroMCPE, Hytlenz for API(s) 3.0.0-ALPHA12, 3.0.0, 4.0.0
Eternity 2.0.0 by NoobMCBG for API(s) 3.0.0
ExtendedBlocks 1.1.4 by Javier Leon9966 for API(s) 3.14.0
FastChat 1.0.0 by NoobMCBG for API(s) 3.0.0
FormAPI 1.3.0 by jojoe77777 for API(s) 3.2.0
FormImagesFix 0.0.1 by  for API(s) 3.0.0
Freeze 1.0.0 by NoobMCBG for API(s) 3.0.0, 4.0.0
GCPClan 1.1 by InstantlyTa, NhanAZ for API(s) 3.0.0, 4.0.0
GiftCode 2.0.0 by LetTIHL for API(s) 3.0.0
GozilaBags 1.0.0 by NoobMCBG for API(s) 3.0.0, 4.0.0
HeartWings 1.3 by Edit Nờ Cờ Dờ (NCD) for API(s) 3.0.0
HoiPhuc 2.0.0 by brokiem for API(s) 3.14.0
HubDelay 1.0.0 by sProDev <suluh@teknowebapp.com> for API(s) 3.0.0
InvCrashFix 0.0.1 by  for API(s) 3.14.0
InvSee 1.0.0 by BlockHorizons for API(s) 3.0.0
ItemEffect 1.0.0 by NoobMCBG for API(s) 3.0.0
JailPrison 1.0.0 by NoobMCBG for API(s) 3.0.0, 4.0.0
KDR 1.0.0 by JackMD for API(s) 3.0.0
KeepInventory 1.1 by KhoaGamingPro for API(s) 3.0.0
KeepYourXp 1.1.1 by ArasakaID for API(s) 3.0.0
KhoeItem 1.0.0 by LetTIHL, NoobMCBG for API(s) 3.0.0
KhucLongQuanVuBags 1.0.0 by NoobMCBG for API(s) 3.0.0, 4.0.0
KingOfBlock 1.0.0 by YTBJero, NoobMCBG for API(s) 3.0.0
KygekRulesUI 1.2.0 by Kygekraqmak for API(s) 3.0.0
LoadAllWorlds 1.1.2 by  for API(s) 3.12.0
M82B 1.0.0 by NoobMCBG, Mcbeany for API(s) 3.23.1, 3.24.0
MaxEnchants 1.2.1 by Xenophilicy for API(s) 3.0.0
MenuPETUI 1.14.0 by Nomi for API(s) 3.0.0
MenuSkyBlockUI 1.0.0 by NoobMCBG for API(s) 3.0.0
MenuUIandGUI 1.0.0 by NoobMCBG for API(s) 3.0.0
MuaGoi 1.0.0 by NoobMCBG for API(s) 3.0.0
MultiPort 1.0.0 by AndreasHGK for API(s) 3.7.3
MultiVersion 0.475.1 by AkmalFairuz for API(s) 3.25.6
MultiWorld 1.6.0-beta6 by CzechPMDevs, VixikCZ, fuyutsuki, kaliiks for API(s) 3.20.0
MyItems 0.1 by AnhKhoaaa for API(s) 3.0.0
NapThe 0.1 by phuongaz for API(s) 3.0.0
Netherite 1.2.1 by Wertzui123 for API(s) 3.0.0
Nganhang 1.0.0 by  for API(s) 3.0.0
Ngoc 1.0.0 by NoobMCBG for API(s) 3.0.0
NickUI 1.0.0 by NoobMCBG for API(s) 3.0.0
NicknameUI 0.1 by ItzFabb for API(s) 3.0.0
OffHand 2.1.1 by alvin0319 for API(s) 3.0.0
OreSpawners 0.5.3 by RKAbdul, AGTHARN for API(s) 3.0.0, 4.0.0
PhatLuongAuto 1.0.0 BETA by VanhLXYTB, NoobMCBG, NoobOfBlinds, YTBJero for API(s) 3.0.0
PiggyCustomEnchants 2.4.4 by DaPigGuy for API(s) 3.19.0
PlayerSelectors 1.0.8 by Ad5001 for API(s) 3.0.0
Powertools 1.0.0 by AndreasHGK for API(s) 3.0.0
PureChat 1.4.11 by 64FF00 for API(s) 3.0.0
PureEntitiesX 0.7.0 by milk0417, RevivalPMMP for API(s) 3.19.0
PurePerms 1.4.3 by 64FF00 & ProjectInfinity for API(s) 3.0.0
QueryServer 0.0.1 by  for API(s) 3.0.0, 4.0.0
Quest 1.0.0 by NoobMCBG for API(s) 3.0.0, 4.0.0
QuyenLoiRank 1 by KingNightVN //DON'T EDIT AUTHOR! for API(s) 3.0.0, 4.0.0
RandomBags 1.0.0 by NoobMCBG for API(s) 3.0.0
RandomBlock1 2.0.0 by Edit By Nờ Cờ Dờ for API(s) 3.0.0
RealLife 1.0.0 by NoobMCBG for API(s) 3.0.0
RedstoneCircuit 2.0.0 by tedo0627 for API(s) 3.6.0
RenameItems 2.0 by Wertzui123 for API(s) 3.0.0
RulesServer 1.0.0 by NoobMCBG for API(s) 3.0.0, 4.0.0
ScoreHud 5.2.0 by JackMD for API(s) 3.0.0
Scoreboards 1.0.2 by Twisted for API(s) 3.0.0
Sell 3.0.0 by Muqsit, KairusDarkSeeker, JackMD for API(s) 3.0.0
ServerListTransfer 1.0.0 by NoobMCBG for API(s) 3.0.0, 4.0.0
SettingUI 1.0.0 by NoobMCBG for API(s) 3.0.0
ShopUI 1.0.0 by SaltyPixelDevz for API(s) 3.0.0
SizePlayer 1.1.0 by  for API(s) 3.0.0
SkyBlock 2 by Quenmeauthorroi for API(s) 3.0.0, 4.0.0, 3.0.6
Slapper 1.6.1 by jojoe77777 for API(s) 3.0.0
SlapperRotation 1.2.1 by jojoe77777 for API(s) 3.0.0
Specter 2.0-FIX-ACM by Falkirks - fixed fernanACM for API(s) 3.14, 3.15, 3.16, 3.17, 3.18, 3.25
Sponges 1.1.0 by  for API(s) 3.0.0
Spyglass 0.0.1 by Mcbeany for API(s) 3.23.1
StartedItem 1.0.0 by NoobMCBG for API(s) 3.0.0
Sudo 1.0 by ErikX for API(s) 3.13.0
Swim 0.0.1 by ItsRealNise for API(s) 3.0.0
TableSpoon 1.0.0 by CortexPE, Xenophilicy, HyperFlareMC for API(s) 3.0.0
TempBanUI 2.3 by KenVNG for API(s) 3.22.0, 4.0.0
TheoDoi 1.0.0 by VanhLXYTB for API(s) 3.0.0
TimeCommander 1.0.2 by TheDeibo for API(s) 3.0.2
TokenAPI 2.0.9 by NoobMCBG, onebone for API(s) 3.0.0
ToolLevels 3.0.0 by NoobMCBG, S2TwKen for API(s) 3.0.0, 4.0.0
TradeNPC 1.0.0 by alvin0319 && FunkaDev for API(s) 3.0.0
Trident 1.0.0 by brokiem for API(s) 3.15.0
UpGlassWorldEdit 1.0.0 by NoobMCBG for API(s) 3.0.0, 4.0.0
VanillaBlocks 1.0.7 by xSuper for API(s) 3.0.0
VanillaEnchantments 4.0.0 by TheAz928 for API(s) 3.0.0, 3.1.0
VanishV2 2.3 by superbobby for API(s) 3.0.0, 4.0.0
VayNangLai 1.0.0 by NoobMCBG for API(s) 3.0.0
WorldProtect 2.3.9 by aliuly for API(s) 3.0.0
essentialsTP 1.2.2 by  for API(s) 3.0.0
iProtector 3.1-PCP by LDX for API(s) 3.0.0, 3.5.2, 4.0.0

----------------------REPORT THE DATA BELOW THIS LINE-----------------------

===BEGIN CRASH DUMP===
eNrtfXt32zbS91fB4+zZJvtaskjdvU/6xvEl8cYXbaxctqueHIiEJNQUwfJiW+npd39nAJAE6Isk
W63fP9pzGotDcjC/mcHMACDB37YmIp7T9NsVixMuwq3d1vZWyudsa9fptJye0+85vXqn6TgNZ3sr
i9SpjlPv9J122+m7zW7b6TW3twKapIdxLOKt3d+20kUEV20N4Y+ibW/NWZLQKVJ/Eb8I1sX/RqMj
aHxvcKx+7O4mLPSHYhDQBYtfvtole/E0m7MwJS8c8vJvkaS/IvMsScmYETEh2BCJhHfJ0jkP2Wik
7t22aJ6Yz2noj0b7IkxEwPbV8QU0xmIy5Vcs3CYeDQLmEx6S/d3R6FMC6hiN9nzgAH+i6ICmdDT6
KCgQptDM6elgNDoF9id8OktHoyjIpjyEW86mwhuNkhj+ORNifLr/9l1OPKU8rEeziIiQBHArAQ2C
ZiZZEBzxAFUTzWi8u7Ozv7sjBdiR7e/o5nd06zvY+E7R9o5uekfr8pvPrmpOo468dkCOnVLf+SXy
L0qCreuWH8cEGCCSrd1mA9wmph78/O/WiwbJ+SFyySBXhqKgKl4CfLDxve5Q+9FyBzH+hXnp6oZ9
BbKB26wiSNcFOe6yVu3HUxZm78BDkPY4EVwSzbFd/L+8c0ffuDOQ8unbXrZb90oiiovWFWObPHSH
JcA2SdIYfOy/rZ9JCI1vExrHdPFf52eJpfkwlgs+j4q2T2n00m31AM/yZms/shvmZSl7BLYHBW7d
LfAFiyHevXR6jf598lWx1H70eRLR1Js9Xsa+klGGHCle+2HxWq5bEU+dKWV5vEvcJ1JHiwRB0Rex
KVUSCvGdSVkvAsYiFr8HfgEK6jTvkdOk/eYFIsli9vtL2VD3EQ1125V21KXQnnUdtBsLDxLOmUj5
hHs0hcyWqGZ7D6rcVTFplSYSPP4Upjx46YtsHEA4NxKm23Jlc/2HLdzv32fhlHuXA4VCxEp0p/Ew
s3avcw+zJKVxqpk4dzMZyJ+YVV42m417+Hz75oEi0zjz0tzl3tKE7UPyT04EvS/WZKCkRMWxEzGd
mr228/Pj8m3Bod36+YkZW6nFXa6WTlUtiVK8YqBjI3QGuCpmv2Y8Zi+1kFA8/UweldzL9mungzId
oxSvtn7+fXuL/VVzPabm2lTVAxZQTL7x8EoEVwxVB5x9sL6XbuVngaIZAMkTPkOLuQ6Qif7vb+mM
J7UfUSUUg8lr8rf89z/hHtfV1/6OB004wL8tTdz5xz/wsJ3z+wd547MIJKAp8/FMxziTMEaUyZTx
UTDpw263uAqPesY9EY3pXN9FtFPgNf3imh04bDb0YQTxkHtkkoUehl5i+ZjN5RXZJVeC++Q3ZGBp
RF2gykAppNTRK1RH01RHU6uj2bqn+SlL97UuX2J7/7fQsmy0bTQaszSLw6o1ZJMds8mubrJ3L+Ky
ybK5wqSvVMv91R2g1Sia//2vUvuvUvuvUvuvUvuvUvuvUvuvUvvPKbW3t6YsZDENsHILKc6Cbll3
gGRjMFA5kbrVrLuduoP0jAf+1q7baDrbWzzBMnNrd0KDhEF9GItUeALYtrptaIRj9dgZd/1Gs9Gl
k3GzQ7sT6lHX9zvtbrPFnHaj0RjTidMdU+CdaVm+cOjb1wk5G5Ivx2cH51/AhaGUbRDZOHH6jZZL
XuZXOY1XZO/0oNPCCnUWwf29eqPuNOHwOwQJOG7lx3D6m0iwheOzsyEQ5ME11LRYyc4jARr+FvBx
TGPOEtQO9WeAKGY7vyQirGFwVDWxU3fq7puJ5066nX63P2nQVou2J+2x51J33Gk0/Ea3405Yg3V7
rAvsfQrKhCAg5jtYCo2pd1m7ogH3aYpjHsB+GYrr8I3+i8KW7jTmIY0Xsj/ApQAG4Lxp0DFjzZ7f
Ym6v43RcZ+J2XK/bpy5t+p1+3+9REG3Sslnd2bgDCmq+6bS6vW4L7ul0xh6lXdbu9doQkViv7blN
z22zntduU7fCEHtxIHuxlq35pum1ei3qdoHfpNttuh7rARsQqtV3e9Ttj2mz1eh3HJtTIKaSg1t3
3vSajTFo1PUm/Q6bdBtNaBkBd1rNhjtx4Z+m49FW/xaHWpTOYkb9XFGtNw3QTcNrdtye51PaGQNX
x3GB86TltX0wYGPc9hy/abOa03Smpem8gUbbXW/c8xxQb7/X7ne63XGrD+7c6/njvutO/LY38Sos
wnGa4+m96U96LgjsdydgE8/v03anw1qtcQd0NXF6tAs9grJeRbnlz9o8KrrhmzX6lMEsppfg20ov
IJP7pg0Kdd1Gq9lsu6wPFumzFvMnHpu0kXGr1e72fN+rmEllNq3ezpu+S8cTh/V7Pa/rdJptv9Xp
0PEYCvNJx5n0+qxN+16/36gwiQLJoQW9qDNu9MZdb9LzWnRCna7ThBuoM24C33Gr0Ws3HZ854C2/
FyNU2Tf3IIu+zaaJEcUK0vZWGbvQu7F5mqUzESc41MhrZYyFNOJIasqr4JiFOE6BuAEJC4IaDD4h
iuBdcC4Rk/TAJMypHBCXtXcugcpbOLqGroHx9fxi+OX848kBkK7ZOOEpyovjH7zjPfTICgxJWgIj
moNXbAjCKU32Ih4pBGfZJVsPwVCI4K24qYDIqSaOhswjpjGmJ3T++cwC4vSfYAzFTyHREoxGqtBY
Bgdy1iwb1yHQ7+RiIcAsFfsBo/EJnU5NiBbdBAkIqsYaXvMEpzA2ZK9UsRuNoAnhoRABCAGgKzI9
CHeWplEC1YUBW4u5lyyCbH66v2Pz08o4Dq8qakCKbWWwc0UD/wKXhp4S+7OMJ5vSwy/ANMyZKm3w
8ErpQQm13H/hUlk3VTAp2vOFklyENXoi3HLBgqACRJIqfbAeRJc2EnB3VQVW+uITwBgsFR6UpPy1
KqSvgwqgr4OKWW71NvS104NN4VDclOBfB6vZ446+pdjsaAQA7i31Zm+pOKDiLbUSWeXEY31wW9a+
j/fF89wX3749QEFW90QQ/kSE039nNPyc3QJXPff8+E7+/XlNgAH9zsOjYGECK2g2oF69awPi/CiA
gRsP8Q62KS+1uQKoXBzj52rQoM9ehDxisQWupNqpzq03bXjy0vci5t9h3A+nLijOHqVX5OWb/CeO
fvdnMU9qg5jPGZzBv1ly8vmVpQ53XXVsnS4GgUi3SrVY0qAqChyrVgVSKUIk6QAvKjWSkyxrV1QR
i0sWHqc/7YV+zLjTaBjwWtqJn2T12y0ARpBqDVeO4QqPQtq37G1QbXdu2xAPr0RwAcJtyo2NhgGJ
JYWGcjHc+zj8NLgz3F5fX9cZSITc6+mlxIfTBizGUtAKQybZRuhWI9D+d+bNBqcH7Aov/cxv+OV7
O7s4nccj9pB7NPeB+2g0VmKlKBbgt4VcN+MYcu9YrKRawumZsBQiCc9W8Kj21/DbbFGJv4qwBICT
S7vRVGKgWMiQuyqK/Zk4YKGBQhOezQzQvs/CdQDEIhTHKZsnFoqS+oxQUIg1oKjVjuT07MiEYlDt
zLcalB6MeJ8MxZvfiuh3hUGNIgrYzXtGA5zEMnEY9CVGOcgEjJ88b9MdJeeLK0yGOJXDlQ0WM5+n
CT6MYOAsidUhafNuc22TaD73k/QP8MBCFvP3atBEkozFtQVMk6q261uwTBBPmEfJW1vF7e5IPQdQ
4tf+w3cKoRFTlqRivhdAerNihUk2sbnVuaJN1xpmy2AgW47HVRuKyb8EDy9EFvq3YJZnqs7ZqTjn
jIZ7P208UUmuOdZCmEePabWUBfALlqY8nN6CndOrrlvpkSfsjHuXVdC1vZPB+71eXiqrw7596DQq
x07l2H1qpW0BWSOpyNu+wD23fV5Rl03zzjLoS/T7ppw+55c7gRRinbHQweFnHktxCzgFqVpItw3t
m5jEFNcHYWx4flQdAD86Wyqmo9GVFGU0goJa/zLEW5I8oVSuDhQKUmXOqVWvgCoXUcmQ0bk9Pmg+
IWdqAQBHKcp60bgUbafggWi5N9ufZQsWfjIzqEV+turNlGL17nZgR5+Du4JOJaskYZNexvGmEGh2
4H8yTmgJlvkdD0XFBpLwwNzCXnDFw1OaWOES88NjBS8YSqHFelpPsL3h2dCCUBD/ZCcqW161aD4Q
h3ORMlN6TamK3rJFp6i0RtPpb0r2giFYQYlQ/FjFEoceDHnmC7skNogmnHa9W41hImRj+H9TYDS7
0YgpCYDnaGRJsxzQdPouhrZ90zgGsWIfG87NTywWp/uDw23yfpEGLPx+d21hVAdPLLB0M4DSFHE5
ypTFIU/N6YyCZJfEf2IEziVYPQ4c3qT4qKAvZ1nNJFo5UV2+aVWXb644i8kJE2G/3+nYmbT1lIUc
5JuzBYCWVKvDPKJJuj+j5ophQXq2fJlLsAYM/SC/gaJ4tN8E0ayCKB+/ftpsvbGOe98D3StGCbz0
eE6nLDniNxVAJf3WEvW9A+cnWGSe/ZpgGYqvI3PZ9ITfrGGUmLHvZqzThOdaJCv9S8qxOpB3+4P9
gJqjhJxS6f02kOMwSWmYBoshPsD0x4yCed4GPu058agHUgHA/T0t3tJRMFTXcFvE6lehhMon6b6w
MlRBWhK9T1g6PH5/sqlwMIVm8a2cNcwkvvOAVtZoDeKzL86WsqwO6j2jcVodcxvESnyrzDL5PCVn
o8xhvk/29d8D/ffl2f7Bq01Zq5RoDWiCD2aZZ+LSlCWeNo7FJWfzjSVT3ewakmfjAxZQs8YpSEu8
LBnEAgau5H+TLMhmb1KGj8myMY0iHN7+uLG1Rzrl+zGdpA1nNMplW29uTApYny/q3N9B0MfhFXBM
ZnZaMqmrJ6WnWCvPSjy88rBlmZNWn/MBgS8YsxEgYYnd7EcBNmUle0VfSbIWmJTNDycTfK3RAFQS
n62EK2VYvVf9i/JgEPPEmo8ziM9eN5SyrA7qw8FHAw0eLYHxxzzwBQ3Lf1YSmbEIXJGFqYjNEGfT
Hyx9PswEfSff6IBwtyksFlNAY4qzhkHgtv+ILP4aVaBpYnVAV52rgpBDL+nxxixUMFSIlBRrwJkJ
hp3NBJOTlniaLti2yabDQDIT1yDhfB0UmXfvY3Z3nHz2Uu7D2s/ZfQC/PZ/IiG9iM6hLQP1n+PZf
LBabN9eH87drwFhM2eXHLGCJNclrkZc8gySvjemvc3q5MQglS7CNIcvqwDDp7gXBFxEHvul9Nr0a
Hdz7S5wnzCFcihD8whMiGI1QcBoE17L91eGc9ty3Bgp5uGqvgbu9MaPhwp4TadbVSqT7hOIN5VgD
BL05DD0YOFur7Ca16mqVaP2VhSKa8YB7i025msESgRSiWAcrgWNhNjgcWt2opN1aortlrDnfFKSb
iAf4eMRX+XfAUhRjVQgXlwsZvm7hME48WxlayrCG04Hsn45p6L+7BakgPxsglGINKBl9J7gJQhGe
T3zZ/joAgpQPRJxaGHLaEhjyOWKavH/3wQLSrTcfXasVHBGKFmPVx4pgSD2bXtbnbKdA9jkX3waX
k+3xdKvbvlWMXs5pcER5nNmrQW673nk0xpKnBqnFWWdcKu+TKbOKTRFty3XqjdqYpbSz9Fnl/Z/k
5oyLLE2yS/TjSxpwfmkPyN3Ghp5gnqPAMvFqTeTCP+XpZYMRKmpRfd40pzz4quFeOMPREKUbe2tS
trp6xzyj0XBmzqJowoNS/3HP/6jW1/HQM5bOWMythfKStqSs+MLi9HvGHbe5KSglRwCTi/HoZ9lK
bjslJgQ9pSHUJ+ZjJQXp4WC6Dkxzkf4ByIcB81IcyL+loUzQ6u9KxpsKz8IgvOfLaeUuRSuJziul
kiY8n/h8vfIIr0fRb4HQxAcjwHH6/YiOx5tCodkpEKr91YGcTya4m42BIqdUntytgvgjH5QBEWZy
2yL9YyUgMbuI6HXIYjOPmFTbJu3qMtHHD3tjP8O3WPfeDd/vfTzb9LyJbgBQlUKtbqjBjKYnGOnx
fVNzqxeLfqsDkbeHwz0b6GeIdSdf/zPEobAx2sWfOAnDQznC1xMtm7Lu4ATlWwMun04X6oHWOwa/
d521/bVVfQblgMJN77LFxjYmyBmORndIcyfxETksb2TnDnayglYb410wTCPCcv3qmapr9CrFlN9u
NJyNzedKbvkOnIUQa9hfXOu35qxtjQri40Y9T0FkjHpKOczfK8HKYlZ50qgg2ZBadacScTuto6NG
Yy08kvmAxfPkdg2ydUTljpC4FgsNfWVXXGTJ4LCW042Xbr+ptgGtFrb89QinlkLpLRkLNlo5h2HK
U86SrxUNlXQ7jHerlp/z4LLRcvAV7Y8A6YoGuJvWxnp9rHjiXi2jUQSCMS2Y0kgu5tpPdBuy7th4
tWKUFW2lKFrVb5p3uQ35OwE7465sx+GEy+cQN9QxLN+QEhk/N+Adig9o4d8ZixdqFzpDDyZ1vefB
NvTqjSHABl67AW5JasNL0udf9JVirB69/42P+Z8I/hEGMxYYg/zAo/C4HnSGe6V8PiM7OwfnZz8M
yeHB8ZDsfRq+P//4P5vG+eEMdzSR0n0+HqwO86PcAq6yUGcQn204U8qwNhicKHZuw1HkJY8kySet
3i7ue9hqUzgNkdaAx2hwwifmTEdB+pPtlLe7jvA+VH4h2+exl/HUwmCfWWKhlPmi0XHt53w7T0mH
qvlV38v4yFDu6myfSa0A+DOnnAwxNjHpZKJC6LgWeyt9mdRnj/IozOpOeYFbab7PzLmDgmS/luL+
OY/35K2Xv1aGMRY0tha8TWrVLu4fuhWc0bIGUoixHIu9W9itncLu2OPgVD5ICLQPuNqRHND48oKx
S+mOjzDTitOeKNl7Gq6xrY3qIyeg6mFMw2Ri9aI7Tj57Z7o4Ga6DTr6GbE0nlrTnWznORVgDyUxE
NgxFWILhggbpYsBvWHDArja2NvLpGFtfQ3j+nakpCxNASXx4m7pNBQBs7wTbwx3o898ria8X+k3h
c5KVV23dQ3EfzpkixILf2yXUK3VrrqnaLyvqF5ehYlhsmetuuMkXmElt9rW0irgIaGRvZ5ZTqkuq
zkovOj3lKT/V8KPrBeNDLjmGEuBHkcpt628DLc4sWaPbPOCKAGv0rYh59p5kOaVS8tWOjr/W9vZP
bSRHNLjk8WVCamQCYcInEORDGDXDdfYz9dJNnbb601F/uuqP2nLCba/pwXxfhGksgk+GyyZKduih
BYh1TV8CkNoR4ZRZFYim/Ckx5zi8WrTbiEY2uo5VF1PcM9wSXJMeno65//G6x67eK34IQgmwBgr8
NgLzK48Qm9TnS8GlEGvgyXxzjUgePvhi9WHML79ubIcLyW00SqDZNWS+5pby8XCJBx2nCY6lz3jC
NreYWrAE3YMM6t9VAAyxNehAVrw2iEtcaF+AnW8Gh3Iuvnxgc3vr/QLi7VFAY3a6/4c8v1nKaP5e
noaHbB69pfZeIyXNjuqVSekPLPx8ZvcW193ARJ5kCyhyKVZ3v+GMiQPrMcGcssRu5XLqhmxTMAQc
SoQ1UPB5/pEfK9Xa9GUD2hk7YHxcXft1HwvIanzVmaIh7oNqv81ekKqTXP379oH7o7a/SFESufmF
IdNy4wgRnLArZq1pGsQVdyPcJhfu8Bpc/Y8bu5ZCreF6MfXZ2WDfxJaTlnSh4tEP8ve/k6MsvKQw
CNyU0XIh1kHCfflhGAOIoizBcecrue3Hi675gT1U+/gFo1KUpTg+Re+wDJKPWeLUvAHo1qlnny75
9O7L4eomghjJg4De2pfEpldBVfbtvrnIcLy1qfcHJLfRyBKhcrgGNP2UB36h6A6A1lkTZuu27SCc
733vu707bKc+bPFIwFdKFNzrM2aP+TaFlmvnLkxaEcnss1tBL0kPFhcJGmIsxuPFpt215KwMi7KU
v1az7uKMhtMTyi1YBfHZxhmlDI9fxc6FA5wysgxikdpvZVvkihGraZwGPAsWm3u8ELmNRvJJ9khJ
8Mi9UE8zHk84C3zzi075N0bTmOH3pnCL8x0LLX4SOUnwcREaJEPzGxgWuTqh4/4Rw32zxdGo0v5S
H+YakjArTINY+XRObbA/qLxze/D1zmDUlmif1EOB9WhUyvJoXwY+NdxobMfAJb9Yhd8bZimrbhGZ
f5lPLnrI1Yg6OBlEC/k00O7Wi0FxRPZFOOFTgp96HsWj8MUFTckB84jTI053t9nbddvk/zS6xG24
Dl4QQL/M6JS9ZuEUj+ci9V+PskaDdgP1xxtlzYbTUAcM/rSaQGo0x3341+22RpnjN7r4uz9RF42L
A3VRu+HL2+S/LddkK2VQmGoRDFJfO32n6SLxegb6qwU8SV838JiGochCDzuD/EAy9WacqS9PJ6/F
ZCIZ4ZOvNd0BwUfUnXN6o29KXuM3D4A0BT3Phc/UBRMRA9+CppmBwn1cIcuPo6voNYxi4ZfPJxPu
ZUG6eC1FVd9IBCvWErWmkbyWqsUit4Yu/PpEhvWCljDmG5fgt8VfH53sDZGkHLP2Kz75o9vTpNgD
RFoY/F2PoMqCkOO//of8D3SUpaKW0Cumb7zi7Lrmc9zAyGOve0i6GYubGnYXfYn1sbX6Yo4fW3tB
0LGJJ10pi+VcrPQoApoill+ChxHItQkjOXRCY0bSGcPxUQI/wP88tJ38kDoPvSDz1dfPb3ky8roQ
c/W59ds8EzphMOrCly0SZEnGMaOXZCGyWPMifELAghziJ7YAxsPPkUNgBsZn7Lpgt+OzCQXzJeRa
hD+kBCedaUxQe3MAix8+XKCE+G1qhft6xkKSRVMo94FBfRSi0ypmu6OQkBdfZvItEJIK+dlvAiz0
B0RBB7hsGOBHydVpKSqUbBQYgz4Dlkp94Ra0HiMz+f1XpMyRs/LNvJfuEvkBTTyRzLLUF+Du+nv3
u2SklyoJfgeX+aMtKdleEIhrgv0IhMm/Vk2uOCXy4TK8RvpanmR2CUZEeeuh9Dt9DwG5CPYHAhYD
pSC38YJoVeL12k2L04awL75AEQYeAXqlvk9ilij1o1rxQ7Rkzih+uhd7MwGljxkKDcphv2Y0QLXh
94NDckWDjJGXulEIYq+Qu2oROgjDEFIDteM3YHfhtGz7LJuPQSvgVXvJIvSGNLkEw8eX4Ed1ecGn
BKf8obUcKV4mvweQgfXg8mSbyNROdE+H/rBN8DOgAARzkdQNhHykzbNQfxBYMb+Q5gVM4GWxuOHg
YQzUAJCk54aFcKhbLdDxBH0Vr0Gf3CY8/QHUl8byNp9hdJMuU7mZvAQMGfQbV6pFwqhppLuSVdVX
qXSOOAvxbXj0QNB7JI0gvy2S1AnupKR+kzk+NUfkjkDbZufTjoMaieMsShVVKQwVMwfZNC5pXOiU
8uuovuoQ9EpwH8S+WwL0EfQ5AYoG76objgYX19RFhadBsIcYHi9Up3wXiDF4D6ZzoujQD+Y8xb49
Z1M6XqSgcXKhVN2QylW7wcrbh2i1ay41Lz0KOu11TTHKnSyRCCccRISIxHCvFGQzgUItb1I5OVgr
w25KpgIMJbCboldgQ1MpZk2KtksaiAJalyFYfaH0/3sEWB89JD+m0qfJn6QikiLo8FmIpNklBMIH
5kOIe7lA2GouldNwW1owGQS+yF6h5Ut+2ICEsl9IkTBiEC+D5IPbBhL15Xn0bqFEVj0Sk1VxNbvx
oCRISkQqcJ0PD3fJ8P3xBTk5PsVHVAeDk+PDCzI4/Eig0vxw+HGbwEVkeA5XHZIv789PDsng4/n+
4cVFvRoCLH247Y5Wx4DFXMiEjIE4QYDejMmQLLVRBFsHdA8lgS9ji7ykBqGQqTArWeFSJg8hQIM3
Id77nE05GRR4mABDvEw3JjkrJhB6y0CuMpJs4xxzCOZ5eUP99tXoC7q4B7NFzMNyQGkWxVV2VfcW
GMC9WJSUUJsNjTV5dbdIGnlTI5/SeAw9o+aJIFCVpwxAd2tXdjUUR99F9F0Qu+c0zGTxYUoChVkG
PvhqO88JVSfM3VClV7klmMI7L7tgnZyrmK8cHqoHkQV+IQuHJHIdklL+RDGOpPgAtNNoaKzQ2pEM
FreSpHQdxaHANonFPE+26m59Rc10TdPCiEZb8pZvkDtcyvKOi7xg9NSquqxStCP72TxS1ZUq4Yg+
UcMTub0O8CJ9g5RdipkjgCNI89DZ6R0KhqQNiQ9auAInS5KMYWBIZ2C1aV5tYtDC1kqptnNDqhpB
F5V1JQ1eeq+ecFTjzbLwMsll36cRUvk8m0OOxfUQktf+aEiixkBKilKv2F+0KmWPue1jUGxHWiLZ
YA2r4AySbquw2IFQp6o+jbURRj3FX12cdyHFS19oIpOVQ82DAR4rsOEu7bJWgfIRtQfSqQJDcYko
jkmIukchLNHhzitKnwpP3jJeXFa7qED8eG3O92FWD/nhKAxZigbb1SkCSrOZCFSJOaYpDFyxEpci
Q9UELqSTjIxtauSjz6rUMmZFsanS2wvTSvkpDKvxIkXm26TmGAaUxpMN19JcGJ0CZNQu61g5HsUS
0lfIcSwjC328GYharDp5D7Ug+NJrWdyR/cGnbbgXZBhD/7rmPri9rBVU9Cz41yT/XdLJy+6yIk+k
doxr62TPh0A1o8FkB4aSapjg4yabuilolODMCzqY0RHLtGcwM4cihzcY1bDEpEGdoBCfBuEgL7bL
ASCOJVCoa0ibeGMWhVFNH1dGN6e61yX8OyvsiWV5bkacA8tLJijblXsYqbXVd9VNr+pkoO8JaDyV
N1A9EtW+IFucxHSKEMAmoLYkCmTFgsPLOQiPnZ3GaKf9gOMEiRwvxzCYYklKToefpKQJQELY4ywl
OD6XpiybU4OLeh5r5mlWw7t2pbTo5T4bZ9PdfMDyI3FwoKLLtRl0VXme6OFpogbU6MlhIlTi0t7g
IDMVnBS3/ZmAASx6YD5OYflIVEYwn6aUJPQqj5Q445FPC+E5YwgLgskJPlWw6PmIXwQP1WBYTgr9
QL6OxQ16fUyOD8jLr5+OD14BZnB5kAGuv4ZwH8XqHUZwDBy/xDB4qZcVIHiCkJdIZYfg6V/fnuT8
9djGoPwgG8OZIZk0ofrAQa5MwxKbyGdHdAoxJm0mE9ksnOOTRe0m436JlkKZAsGN0TQPmwBfeul2
PgqQI0gtKLgNFJ2yIguFF/CIyHvBa07pAjwGR5JzcZUPyjGj6TQgQ3EtP6eaTMoAmE9ymRMkQznD
odwddzunqbKFvFb7dpbomRYPOnKqQp2+p6bu2SUR1EhXPMBmVBjXIUq3gnmIhtNinBDibUE1HW7n
V1kTZHdOSikj781Fhj14ovKN7tCoSm1izK8YoeR0BLgh/pYJEm7+KNOlcbMEHjI1/B0zxWzMJtj/
5BSmzHCz3N+li8uZTSvxKvjYUAEf4hChVVEBiyczB2GQ0+6SsnG3mDTGz30Rmnc7EDa/Gf8W0jRl
X8bJgVoWgf+yxIiN8nvzsiE5l2t2zQPZ2FguXsoAhPpkMVoaSnV8DYtodERPpuQJXN5jQQd+NeKS
F2Qa48N5hXrKCZtCQ/XbKtKh6ZpyOU6DMAmDGGWbSERZkDujPsBMJq/RAbEpw6Es8GuRDmKYSzAu
QbLTpbOcnFVTVLs6ieOMmhw2KrLKgdpe+EGgYq7D6OTo7zXctr1CKrqbTY5mUG1OhGER6GU1tShR
XDkTaBkpSh3fPq5zISWGQLaY47AnwQdyE0CYlKLjWE6fJ+V5CUEGMTqdxjCAVpNlemZNTSCkMZWW
s/BJ+aAHnx+c74I+ajrkq8yHQeGaqdqaQte5li0mUvASgKTVjelsSLSF5pVrKuPcUioYVJ3XzgQ5
PqzpTGWWiJIuTNVB1R2inxgzV9sQH6MZ3Sa445ZMz2lRhUHonbAYKu0aRqAQ0586m2crlSuoNROm
V7yM9JpBxQmZXEaxPFhohtLy6nzexi1LK6ymqVM+L2O1zr/IFK/HnoChGS2LARMblFN8+qZ8Orde
NqDPmC3k2nw4w+uwrayreoUxc6J5APtU6zOfI5lpoowYOMjRdbOOGDjlDEMTXxaOfFIwgtEHAFHr
CxiB8okDFeOAnw6ReWajAaeJHpVAIUnxO6T6CEsekFHbajc3mjoHfoszWLvkv7JWgfy5Lae0fkam
auPRIk2a6x4SBtaN+GCOmjTI15rkbMBdGUsmdJmhE1kfy8EmbokGsup0a4qv2pUyqJ8EV6cwK6js
Vba4S3CNatf9Z3e73b9xtps3zW33n84/fayHZD9/iQvUHgbX172GCsXqqNV+pYo8tcRgjtVVD8fc
AjrWU2my9JBzYWA1b4ErKZmXZnEelPMBSlwsTsiIA3wgVXly8SfJFVbLFzbAF1Q1++JIhhrZlLze
YpLJSkFRvhmUmiwtjZpPRHJ4y24g8CV6bOdd4uggkeMY0MiYQ12+UDWcvA7xyg+KBCqNqD6jUEr+
UIzERaze2t5i+NWhRO6YsfvblnwYZnerh08r43MpYw9qoplJwUWl0KexRRPzb75IIRhaVFx1tAhZ
HJjHGCLM4wkP5CsWJWU6j8zDGaQP85hDL7syCb/IjefL4/lYLZFZNOjx+c5WcsUeazMA5JsXRZ6t
h49somcbTGoiE0Fik6BkmZuUi8GJ1fwi+TXALavyX6Q4JZ/LhHxvqeDmRqNu6F2sFlQuobr6dZnv
PFKvVvTr+NbI94CPzdvh8GZua12geG6j0XQcFx9aGRycW9B98U2KViUCidsGg4AQJol14QXHLv/1
1MJckQAOcRxdwTkPrnGPO4sY6dlE49Gwwazie1hgZSkPElcqSe1wzKdjHlLc+l5+CQpfpJGByR/r
i5CVFy8i3I1KElylLBgNBMotG/ptlTLbfyvbMs7jwiAWQJbf+rdMzi0vkapsmiQY82Uynk8z5Ys5
/5+wiDsfyOmi8obff/9/HnFAnA==
===END CRASH DUMP===
