PocketMine-MP Crash Dump Tue Dec 28 20:01:09 CST 2021

Error: Call to undefined method pocketmine\command\ConsoleCommandSender::sendMesage()
File: plugins/RandomBags/src/NoobMCBG/RandomBags/Main
Line: 42
Type: Error

THIS CRASH WAS CAUSED BY A PLUGIN
BAD PLUGIN: RandomBags v1.0.0

Code:
[33] 
[34] 	public function TokenAPI(){
[35] 		return $this->token;
[36] 	}
[37] 
[38] 	public function onCommand(CommandSender $sender, Command $cmd, string $label, array $args) : bool {
[39] 		switch($cmd->getName()){
[40] 			case "random":
[41] 			    if(!$sender instanceof Player){
[42] 			    	$sender->sendMesage("§l§c•§e Hãy Sử Dụng Lệnh Trong Trò Chơi !");
[43] 			    	return true;
[44] 			    }else{
[45] 			    	$this->MenuQuayKit($sender);
[46] 			    }
[47] 			break;
[48] 		}
[49] 		return true;
[50] 	}
[51] 
[52] 	public function MenuQuayKit($player){

Backtrace:
#0 pmsrc/src/pocketmine/command/PluginCommand(54): NoobMCBG\RandomBags\Main->onCommand(object pocketmine\command\ConsoleCommandSender, object pocketmine\command\PluginCommand, string[6] random, array[0])
#1 pmsrc/src/pocketmine/command/SimpleCommandMap(248): pocketmine\command\PluginCommand->execute(object pocketmine\command\ConsoleCommandSender, string[6] random, array[0])
#2 pmsrc/src/pocketmine/Server(1809): pocketmine\command\SimpleCommandMap->dispatch(object pocketmine\command\ConsoleCommandSender, string[6] random)
#3 pmsrc/src/pocketmine/Server(1422): pocketmine\Server->dispatchCommand(object pocketmine\command\ConsoleCommandSender, string[6] random)
#4 pmsrc/vendor/pocketmine/snooze/src/SleeperHandler(113): pocketmine\Server->pocketmine\{closure}()
#5 pmsrc/vendor/pocketmine/snooze/src/SleeperHandler(75): pocketmine\snooze\SleeperHandler->processNotifications()
#6 pmsrc/src/pocketmine/Server(2155): pocketmine\snooze\SleeperHandler->sleepUntil(double 1640743269.8879)
#7 pmsrc/src/pocketmine/Server(1992): pocketmine\Server->tickProcessor()
#8 pmsrc/src/pocketmine/Server(1586): pocketmine\Server->start()
#9 pmsrc/src/pocketmine/PocketMine(330): pocketmine\Server->__construct(object BaseClassLoader, object pocketmine\utils\MainLogger, string[46] C:\Users\Admin\AppData\Roaming\PMMP\MineLight\, string[54] C:\Users\Admin\AppData\Roaming\PMMP\MineLight\plugins\)
#10 pmsrc/src/pocketmine/PocketMine(360): pocketmine\server()
#11 pmsrc(11): require(string[101] phar://C:/Users/Admin/AppData/Roaming/PMMP/MineLight/PocketMine-MP.phar/src/pock)

PocketMine-MP version: 3.26.1 [Protocol 475]
Git commit: 6b7d0307afb36a7faca2dd65734e15000baf17ba
uname -a: Windows NT WINDOW10 10.0 build 19042 (Windows 10) AMD64
PHP Version: 8.0.13
Zend version: 4.0.13
OS: WINNT, win
Composer libraries: 
- adhocore/json-comment 1.1.2@fc2f76979f0a44a5f5bc2a2b600d0762fe0e78e7
- daverandom/callback-validator unknown@unknown
- pocketmine/binaryutils 0.1.13@0abee38d4e2861621f262c79a2a3d699d8a697f4
- pocketmine/callback-validator 1.0.3@64787469766bcaa7e5885242e85c23c25e8c55a2
- pocketmine/classloader 0.1.3@3c484a27787f7732ce842ed694928a29ba340961
- pocketmine/log 0.2.1@830b44a2cf96ef703c550abe64302f230231ca49
- pocketmine/log-pthreads 0.1.4@01620c3628cdaa6b4a21122cff4c5d2f70b5c1d3
- pocketmine/math 0.2.6@43057cb8c179a9859677b496a788db922fd5cfc3
- pocketmine/nbt 0.2.18@9f82ca4d7f97fcd9a566e44b63c4f18a7657ae82
- pocketmine/pocketmine-mp 3.26.1@6b7d0307afb36a7faca2dd65734e15000baf17ba
- pocketmine/raklib 0.12.12@5abe22043352e94099e4edfcef5fb3644578ddc1
- pocketmine/snooze 0.1.6@92abf1e988c71635d466abb777f61f89e5a9c990
- pocketmine/spl 0.4.2@6b08b7cf8c4afa17139c9a1b3bf1b408531de161

Loaded plugins:
AntiBugs 1.0.0 by NoobMCBG for API(s) 3.0.0
AntiToolBox 0.1 by NgLamVN for API(s) 3.19.0
AutoClearLagg 3.1.0 by Twisted for API(s) 3.0.0
AutoInv 0.0.10 by JackNoordhuis for API(s) 3.0.0
AutoLight 1.0.0 by NoobMCBG for API(s) 3.0.0
AutoSell 0.1.lpk by LamPocketVN for API(s) 3.0.0
AutoXP 1.1.0 by JackMD for API(s) 3.0.0
BachBaoDaoBags 1.0.0 by NoobMCBG for API(s) 3.0.0, 4.0.0
BaoLongQuanVuBags 1.0.0 by NoobMCBG for API(s) 3.0.0, 4.0.0
BlazinFly 1.8.7 by iiFlamiinBlaze for API(s) 3.0.0
BlockSniper 3.2.3 by BlockHorizons, Sandertv (@Sandertv), Chris-Prime (@PrimusLV) for API(s) 3.2.0
BoostPad 1 by BrokenItZAndrei100 for API(s) 4.0.0, 3.0.0
Broadcaster 1.5 by EvolSoft for API(s) 3.0.0
BuilderTools 1.2.0 by CzechPMDevs, VixikHD for API(s) 3.16.0
BuyFly 1.0.0 by 1.0.0 for API(s) 3.0.0, 4.0.0
ChoDen 1.0.0 by NoobMCBG for API(s) 3.0.0
ChronoItems 1.0.0 by NoobMCBG for API(s) 3.0.0
CommandsMNF 3.0.0 by NoobMCBG for API(s) 3.8.1
ComplexHealth 1.0.0 by DuooIncc for API(s) 3.0.0, 4.0.0
CreditsAPI 0.0.3 by NoobMCBG, pmmdst for API(s) 3.0.0
Crossbow 1.0.9 by  for API(s) 3.9.0
CustomAlerts 2.1 by EvolSoft for API(s) 3.0.0
CustomJoinSound 0.0.6 by NhanAZ for API(s) 3.0.0, 4.0.0
CustomSetting 1.0.3 by LeNick for API(s) 3.0.0-ALPHA8, 3.0.0-ALPHA9, 3.0.0-ALPHA10, 3.0.0-ALPHA11, 3.0.0-ALPHA12, 3.0.0
DEVirion 1.2.5-ALPHA12 by poggit, SOFe for API(s) 3.0.1
DevTools 1.14.2 by PocketMine Team for API(s) 3.13.0
DichChuyenUI 1.0.0 by NoobMCBG for API(s) 3.0.0
Ding 1.0.1 by sn3akrr for API(s) 3.0.0
DisableTNT 1.0.0 by NoobMCBG for API(s) 3.0.0
DoEmote 1.0.4 by alvin0319 for API(s) 3.0.0
EconomyAPI 5.7.2 by onebone for API(s) 3.0.0
EggGrenade 1.0 by xZeroMCPE, Hytlenz for API(s) 3.0.0-ALPHA12, 3.0.0, 4.0.0
Eternity 2.0.0 by NoobMCBG for API(s) 3.0.0
ExtendedBlocks 1.1.4 by Javier Leon9966 for API(s) 3.14.0
FastChat 1.0.0 by NoobMCBG for API(s) 3.0.0
FormAPI 1.3.0 by jojoe77777 for API(s) 3.2.0
FormImagesFix 0.0.1 by  for API(s) 3.0.0
Freeze 1.0.0 by NoobMCBG for API(s) 3.0.0, 4.0.0
GCPClan 1.1 by InstantlyTa, NhanAZ for API(s) 3.0.0, 4.0.0
GiftCode 2.0.0 by LetTIHL for API(s) 3.0.0
GozilaBags 1.0.0 by NoobMCBG for API(s) 3.0.0, 4.0.0
HoiPhuc 2.0.0 by brokiem for API(s) 3.14.0
HubDelay 1.0.0 by sProDev <suluh@teknowebapp.com> for API(s) 3.0.0
InvCrashFix 0.0.1 by  for API(s) 3.14.0
InvSee 1.0.0 by BlockHorizons for API(s) 3.0.0
ItemEffect 1.0.0 by NoobMCBG for API(s) 3.0.0
JailPrison 1.0.0 by NoobMCBG for API(s) 3.0.0, 4.0.0
KDR 1.0.0 by JackMD for API(s) 3.0.0
KeepInventory 1.1 by KhoaGamingPro for API(s) 3.0.0
KeepYourXp 1.1.1 by ArasakaID for API(s) 3.0.0
KhoeItem 1.0.0 by LetTIHL, NoobMCBG for API(s) 3.0.0
KhucLongQuanVuBags 1.0.0 by NoobMCBG for API(s) 3.0.0, 4.0.0
KingOfBlock 1.0.0 by YTBJero, NoobMCBG for API(s) 3.0.0
KygekRulesUI 1.2.0 by Kygekraqmak for API(s) 3.0.0
LoadAllWorlds 1.1.2 by  for API(s) 3.12.0
M82B 1.0.0 by NoobMCBG, Mcbeany for API(s) 3.23.1, 3.24.0
MaxEnchants 1.2.1 by Xenophilicy for API(s) 3.0.0
MenuSkyBlockUI 1.0.0 by NoobMCBG for API(s) 3.0.0
MenuUIandGUI 1.0.0 by NoobMCBG for API(s) 3.0.0
MuaGoi 1.0.0 by NoobMCBG for API(s) 3.0.0
MultiPort 1.0.0 by AndreasHGK for API(s) 3.7.3
MultiVersion 0.475.1 by AkmalFairuz for API(s) 3.25.6
MultiWorld 1.6.0-beta6 by CzechPMDevs, VixikCZ, fuyutsuki, kaliiks for API(s) 3.20.0
MyItems 0.1 by AnhKhoaaa for API(s) 3.0.0
NDSPortal 1.0.0 by NoobMCBG for API(s) 3.0.0
Netherite 1.2.1 by Wertzui123 for API(s) 3.0.0
Nganhang 1.0.0 by  for API(s) 3.0.0
NgayDiSan 1.0.0 by NoobMCBG, LetTIHL for API(s) 3.0.0
Ngoc 1.0.0 by NoobMCBG for API(s) 3.0.0
NickUI 1.0.0 by NoobMCBG for API(s) 3.0.0
NicknameUI 0.1 by ItzFabb for API(s) 3.0.0
OffHand 2.1.1 by alvin0319 for API(s) 3.0.0
OreSpawners 0.5.3 by RKAbdul, AGTHARN for API(s) 3.0.0, 4.0.0
PhatLuongAuto 1.0.0 BETA by VanhLXYTB, NoobMCBG, NoobOfBlinds, YTBJero for API(s) 3.0.0
PiggyCustomEnchants 2.4.4 by DaPigGuy for API(s) 3.19.0
PlayerSelectors 1.0.8 by Ad5001 for API(s) 3.0.0
Powertools 1.0.0 by AndreasHGK for API(s) 3.0.0
PureChat 1.4.11 by 64FF00 for API(s) 3.0.0
PureEntitiesX 0.7.0 by milk0417, RevivalPMMP for API(s) 3.19.0
PurePerms 1.4.3 by 64FF00 & ProjectInfinity for API(s) 3.0.0
QueryServer 0.0.1 by  for API(s) 3.0.0, 4.0.0
Quest 1.0.0 by NoobMCBG for API(s) 3.0.0, 4.0.0
QuyenLoiRank 1 by KingNightVN //DON'T EDIT AUTHOR! for API(s) 3.0.0, 4.0.0
RandomBags 1.0.0 by NoobMCBG for API(s) 3.0.0
RandomBlock1 2.0.0 by Edit By Nờ Cờ Dờ for API(s) 3.0.0
RealLife 1.0.0 by NoobMCBG for API(s) 3.0.0
RedstoneCircuit 2.0.0 by tedo0627 for API(s) 3.6.0
RenameItems 2.0 by Wertzui123 for API(s) 3.0.0
RulesServer 1.0.0 by NoobMCBG for API(s) 3.0.0, 4.0.0
ScoreHud 5.2.0 by JackMD for API(s) 3.0.0
Scoreboards 1.0.2 by Twisted for API(s) 3.0.0
Sell 3.0.0 by Muqsit, KairusDarkSeeker, JackMD for API(s) 3.0.0
ServerListTransfer 1.0.0 by NoobMCBG for API(s) 3.0.0, 4.0.0
SettingUI 1.0.0 by NoobMCBG for API(s) 3.0.0
ShopUI 1.0.0 by SaltyPixelDevz for API(s) 3.0.0
SizePlayer 1.1.0 by  for API(s) 3.0.0
SkyBlock 2 by Quenmeauthorroi for API(s) 3.0.0, 4.0.0, 3.0.6
Slapper 1.6.1 by jojoe77777 for API(s) 3.0.0
SlapperRotation 1.2.1 by jojoe77777 for API(s) 3.0.0
Specter 2.0-FIX-ACM by Falkirks - fixed fernanACM for API(s) 3.14, 3.15, 3.16, 3.17, 3.18, 3.25
Sponges 1.1.0 by  for API(s) 3.0.0
Spyglass 0.0.1 by Mcbeany for API(s) 3.23.1
StartedItem 1.0.0 by NoobMCBG for API(s) 3.0.0
Sudo 1.0 by ErikX for API(s) 3.13.0
Swim 0.0.1 by ItsRealNise for API(s) 3.0.0
TableSpoon 1.0.0 by CortexPE, Xenophilicy, HyperFlareMC for API(s) 3.0.0
TempBanUI 2.3 by KenVNG for API(s) 3.22.0, 4.0.0
TheoDoi 1.0.0 by VanhLXYTB for API(s) 3.0.0
TimeCommander 1.0.2 by TheDeibo for API(s) 3.0.2
TokenAPI 2.0.9 by NoobMCBG, onebone for API(s) 3.0.0
ToolLevels 3.0.0 by NoobMCBG, S2TwKen for API(s) 3.0.0, 4.0.0
TradeNPC 1.0.0 by alvin0319 && FunkaDev for API(s) 3.0.0
Trident 1.0.0 by brokiem for API(s) 3.15.0
UpGlassWorldEdit 1.0.0 by NoobMCBG for API(s) 3.0.0, 4.0.0
VanillaBlocks 1.0.7 by xSuper for API(s) 3.0.0
VanillaEnchantments 4.0.0 by TheAz928 for API(s) 3.0.0, 3.1.0
VanishV2 2.3 by superbobby for API(s) 3.0.0, 4.0.0
VayNangLai 1.0.0 by NoobMCBG for API(s) 3.0.0
WorldProtect 2.3.9 by aliuly for API(s) 3.0.0
essentialsTP 1.2.2 by  for API(s) 3.0.0
iProtector 3.1-PCP by LDX for API(s) 3.0.0, 3.5.2, 4.0.0

----------------------REPORT THE DATA BELOW THIS LINE-----------------------

===BEGIN CRASH DUMP===
eNrtfXtz27bS91fBcTqnyfNaMkXdfZ504viS+MQXNXYup9WZDERCEmqSYHmxrXT63d9dACQB2rEl
W6mfP9qZxuISXOxvsdhdXAj+sTEVSUizL5csSbmINrY7mxsZD9nGdqvXcfqdttsbNgf9gdNpbW7k
sbrVc5pd1x04bac3aPVaDtwKaJrtJ4lINrb/2MgWMZTaUNebGyFLUzpDyi4NApIJkkc+m/KI+SRk
2Vz4JBbeBctCII3HnghDGvnj8a6IUhGwXXV9xuChZHs7hb/HDBk+fwHMp3kQHPBAct8ejz+kAGQ8
3vGBF/yJ4z2a0fH4vaBAmI3Ho+Pj0Xh8DBUd8dk8G4/jIJ/xCB55D3WI8DWdwe808cbjEyEmx7uv
39i3jimPmvE8xqpVtZrDVlVqC57fKh436fgwPBhA9aBpF1SdUA9+/rrxzCFxiI/h/5U2trQytkay
Eq2K593Oi23ybfkaP4myqJj8xrxseQVvkruesMTYJGmWgFZ/7f2XJFKETUKThC5+df6LTfOsdTem
Mx7GZe3HNH7udgaA6/6KGz+xa+blGXsAuntEdm8X+Ywl0EOetwbO8FsS1tE0fvJ5GtPMm69BSilb
+27ZOq5bk03dqQR5uE3cKk9Hy3MJhURiipRGQnxlUtCzgLGYJW/hsQClbLW/IaRJ+8MLRJon7E/Z
xZ91H1BRv1urRxWF+qxyUG8iPHBQJyLjU+7RDLxgqqrt3alvt9VdtooUrz9EGQ+e+yKfBIyYznXQ
H8rq+nc373D4rebNuHcxUihEokQf3M2rO+h9g1ea0SRTPIa38xjJn+hBn7fbzjfYfPnigRqzJPey
wtpe05TtQphIjwT9lp/JQUXahx2J2cywvA6Y3oP8e8mh23kghzJCKJ/m3K+WXl0tqdK7YqC9InQF
KJWw33OesOdaSIil/yXxnCbbW1u721tS1i0p6paWdEsLuoVybpViGvU3jkdNZFFK+GLjv39ubrAn
ic6PDZEguHr4C48uRXDJQhZlwNEHpXnZRnEXKBUPoHrCZ4i13YY7cN3uwN9xFkPn4x6Z5pGH/Zyc
iwsW7YwOn7/4Awt1ZaFxlrAsTyLyQzbnKXQvLPQvvN+T9//En33Nd3Ar3yr8WuohP6Tan2oy+cEL
yzBKfgjohAU6IJEfaDJLX5BtMhEiIFK+oZYvveIYVvDhxk8zlp3QENQtMXQcXWacedDhyHhDOewx
kOFuq7xL4D8+ff4PLRKB5slo5DExJaOALlii2LnWA+NMFwdHUTX0eGOcOw7tB+qPN85dx3XVBSNv
8QdrL8jZOG8xMKo9+bcLgI/wl9eP5uQ8EXB9nmDZqUt25/CjRVuc/GO88QJ132nXBNFtBC6Gyfsd
6/6fLEiZBNCtA1CNesyi/OecLt7x7LnGpOrp2XyQ1C9Jk4TRC1lsoGmywNC2m0KmrlPaS7el7KXr
3movljRxof4//84P/84P/84P/84P/84P/84Pv29+uLkxYxFLaIBJU0RxkmfDegIkm0ADVfNEG+2m
22u2kJ7zwN/Ydp12a3ODp198drmxPaUQgCE7S0QmPAFsO/0uVMIxd+tN+r7Tdvp0Omn3aH9KPer6
fq/bb3dYq+s4zoROW/0JBd65luUTh559lZKTc/Lp8GTv9BOoueU0HSIrJ62h03HJ86JUy3lBdo73
eh3MD+cxPD9oOs1WGy6/gouA605xDbe/iBRrODw5OQeCvLiSOSj4vFiAhr8EfJLQhLMUtUP9OSBK
2NZvqYga6BdVRtpqtpruq6nnTvu9YX84dWinQ7vT7sRzqTvpOY7v9HvulDmsP2B9YO9TUKb0llse
ZN4T6l00LmnAfZphog7YLyJxFb3Sf1HYypwmPKLJQvYHKApgAM4rB/JH1h74HeYOeq2e25q6Pdfr
D6lL235vOPQHFESbdmxWt1beAgW1X/U6/UG/A8/0ehOPQjbXHQy6bsdlg67ntj23ywZet0vdGkPs
xYHsxVq29qu21xl0qNsHftN+v+16bABsQKjO0B1Qdzih7Y4z7LVsToGYSQ5us/Vq0HYmoFHXmw57
bNp32lAzAu512o47deGfdsujkIvVOTTibA55m18oqvPKAd04XrvnDjyf0t4EuLZaLnCedryuDw3o
TLpey2/brEKazbU0vVdQabfvTQZeC9Q7HHSHvX5/0hmCOQ8G/mToulO/6029GotokhV4Bq+G04EL
Avv9KbSJ5w9pt9djnc6kB7qatga0Dz2CskFNudXPRhiX3fDVCn3KYJbQC7BtpReQyX3VBYW6rtNp
t7suG0KLDFmH+VOPTbvIuNPp9ge+79WaScU1rd7eq6FLJ9MWGw4GXr/Va3f9Tq9HJ5N+vz/ttaaD
IevSoTccOjUmcSA5dKAX9SbOYNL3pgOvQ6e01W+14QHamrSB76TjDLrtls9aYC1/luND2Td3IIa+
zmep4cVK0uZG5bvQurF6msP4NkkxwS6yZfSFNOZIastScM0iCkEZ/AZm9tBxIXhHaE6/wr1UTLM9
kxBSORytsu9CAhW3cGwLXQP96+nZ+afT90d7QLpik5RnKC9m/fjEOYz6XovrGpKCaoJxpBc2ocyO
aPjxxELSGj4CiuKnkGgJxmMVpu+DAx5/nk+a4Ca3CrEQYJ6J3YDR5IjOZiZEi26CBAT1Fju/4mkG
UNbUYJliNx5DFcJDIQIQAkDXZLoT7jzL4hRiswFbi7mTLoI8PN7dsvlpZRxGlzU1IMVuZWjnmgb+
DV4b7Czx5zlP16WH34BpVDBV2uDRpdKDEup++4WiMuuoYVK0p+uIhQgr9ER45IwFQQ2IJNX6YDOI
L2wkYO4qh6r1xUeAMVgqPChJ9WtZSJ9HNUCfR7VmudHb0NaO99aFQ3FTgn8eLdcet/QtxWZLIwBw
r6k3f03FHhVyIrACWbvxUBvclJnjw23xtLDF16/3qvmYZZoNhD8S0eznnEYf8xvg6veeHt/Rzx9X
BBjQrzw6CBYmsJJmAxo0+zYgzg8CGPbwCJ9g67JSmyuAKsQxfi4HDfrsWcRjlljgKqod6txm24Yn
i74VCf8Ko2a4dUZx2iW7JM9fFT9x7Lg7T3jaGCU8ZHAH/+bp0ccXljrcVdWxcbwYBSLbqNRiSYOq
KHEsmxVIpQiRZiMsVGmkIFmtXVNFgtPxh9kvO5GfMN5yHANeRxvxo1r9Zg2AEaRawZQTKOFRCPtW
extU25y7NsT9SxGcgXDrMmOjYkBiSaGhnJ3vvD//MLrV3V5dXTUZSITcm9mFxIeDbpZgKmi5IZNs
I3TrHmj3K/Pmo+M9dolFP/JrfvHWji6t3sMRe8g9Dn3gPh5PlFgZigX4bSFXjTiG3FsWK6mWRc19
KcI9zrhVtO1aPXGZ9Sghljfe3bnYY5GBQhOeLG2D+n0WrQIgEZE4zFiYWigq6hNCQSFWgKJm2dPj
kwMTikG1A8dyUAYwYHw0FC+84RBv8yIaRRyw67eMBjiDYuIw6Pc0yl4uYPjheevuKAVfXNkwxKld
Lt1gCfN5lu6MDk2cFbE+omvf3lybJA5DP82+gwWWspi/l4Mm0nQirixgmlRvu6EFywTxiGmIorZl
zO4Wz70HGXLjP3yrFBox5Wkmwp0AooPlK0yyic2tT7WsO1SbNUMD2XI8LFgrJv+GQfyZyCP/Bszq
Tt04ezXjnNNo55e1ByrJtcBaCvPgIaGWsgR+xrKMR7MbsAt63XRrPfKInXDvog66sXM0erszKDJN
dTm0L1tO7bpVu3Yfm6haQJYPKnv7H3kiAZcqKUn1rK1ryGpoJRYzXMqBgcjpQX209eDYopiOx5dS
lPEYsjf9yxDvnlADeVk9Ky1JtQmOTrMGqlrvIueMhnYy2n5EhNECAI5KlNV8VyXaVskD0XJvvjvP
Fyz6YMYbi/xkuY4pxQrGaffVvdu6aM0Hp1GbXiTJuhBodmB/sldpCe6zO55iTecn55bwJfEvboWq
5mVztD2xH4qMmdJrSl30ji06DS555LRbw3XJXjIE3SsRyh/LGNC+Bxl2uLAzMINowuk2+3UnICI2
gf/XBUazG4+ZkgB4jseWNPcDms3eJFC3bzaOQay1jw3n+heWiOPd0f4mebvIAhZ9vT2UGcHokfFc
VwMoTRHvR5mxJOKZOXouSXYG9he6sEKC5d3X/nWGO6J8OSdmRqHajfpke6c+2X7JWUKOmIiGw17P
DkWdx0y7I9+CLQC0pFoe5gFNs905Ndd3StKTBZxCghVgiCS0HUVBsUG06yB+E78J1sf/Hje3aqy6
lRwBiBKi/LEslMOQzlh6wK9rgCr6jQXFb47THtEiYf57inkcvlnGZdVTfr1CoySMfTV9nSY81ZJG
ZV9SjuWBvNkd7QbUTLMLSq3320AO5UbsLFic42aN7zPo4kUduLNt6lEPpAKAuztavHsHXZCewmMx
a15GEiqfZrvCilAl6R7vfcSy88O3R+tyBzOoFjf/r9BM4isPaG1FzSA++VJaJcvyoN4KPprnnoGo
oNzTHJNEXHAWri3i6GpXkDyf7LGAmolASbqnKdJRImB4RP43zYN8/ipjuG+OTWgc4yDqp7Utp9AZ
303oNHNa43Eh22rzFVLAZrhocn8LQR9Gl8Axndu+26Qu77kf01qF6+bRpYc1S8e9/JIeCHzGmI0A
Cfe0m726ua5WshcplSQrgclYuD+d4ltGBqCK+GR5TiXD8r3q35QHo4Sn1qyPQXzy4FrJsjyod3vv
DTR4dQ+M77OHBSqW/ywlMmMxmCKLMpGYLs6m35kfvJsL+kZu8QZ3ty4sFlNAY4qzQoPAY/8RefI5
rkHTxPqop4ZsB1wOvaCHa2uhkqFCpKRYAc5cMOxsJpiCdI+l6axmk6zbDaRzcQUShqugyL1v7hy6
5eaT5zvvVt469A7s9nQqPb6JzaDeA+o/56//zRKx/uZ6d/p6BRiLGbt4nwcstaZzLfI92ypk2YT+
HtKLtUGoWELbGLIsDwyD7k4QfBJJ4JvWZ9Pr3sH9dorziIH2hYjALjwhgvEYBadBcCXrXx7O8cB9
baCQl8v2GnjamzAaLeyJg3ZTrQ65j0jeUI4VQNDr/ciD0aW18mlS66ZW89afWSTiOQ+4t1iXqRks
EUgpinWxFDgW5WcXC9n3rb5Uu/FkOVwlwwotBrJ/OKSR/+YGpJL8ZIBQihWg5PSN4CYIRXg68WX9
qwAIMj4SSWZhKGj3wJD7Cmn69s07C0i/2X5wolNyRChajGX3ScB4dD67aIZsq0T2sRDfBleQ7cFo
p9+9kcldhDQ4oDzJ7fUGt9vsPRhjxVOD1OKsMqiTz8l4U8emiHbL9ZpOY8Iy2rt37+LuL/IoqkWe
pfkF2vEFDTi/sEezrrOmHY0hCiyjltZEIfxjdjMajFBRi/oGuoJy56tHO9EchxKUrquLqlqX75gn
e2do+9aLrBXtyfxLKcIKSFg2Zwm31mQr2j3B+RNLsq85b7ntdWGpOAKaQowH79KpuG1VmBD0jEYQ
5c0tACXp7sZbBaa5HnwH5P2AeRkOh1/TSEZq9XepxpvRxR4/s2b/K9ryyeKaZ8ctg1zBFGfCs4AI
7wm7EtS+gui8lgFqwtOJz1fL+rA8in4DhCbe6Y4Ps68HdDJZFwrNToFQ9S8P5HQ6xQMvDBQFpbbD
sg7ie+4wARHm8lgT/WMpIAk7i+lVxBIzPJpUu0269T2F79/tTPwco9HOm/O3O+9P1j2XoisAVJVQ
yzfUaE6zo1xEM3ytzjwPwqLf6EDk9f75jg30I3juo8//OcfhseHU8CdOzPBIjvr15Mu6Wnd0hPKt
AJfPZgu1lfKWAfFtd2177dQ3b+xReOhNvljb+9cFw/H4FmluJT4gIheVbN3CTg4M1KlgZwyDorBM
v36nbhqDWo7odx2ntbY5XskND4CyhFih/cWVfjnIOvukJD5sMPcYRMZgrpLD/L0UrDxhtS06JcmG
1Gm2ah631zk4cJyV8EjmI5aE6c2MauOAymPOcH0WKvrMLrnI09F+o6Ab7xZ+UXUDWi1s9esBRi2F
0mcPlmy0cvajjGecpZ9rGqrothvv11s+5MGF02nhm6jvAdIlDfDInbX1+kTxjMMwHo9jEIxpwZRG
CjFX3ktsyLpl49WKUa1oK0XR6nbTvs1syD8JtDMe3XQYTbncwLemjmHZhpTI+LkG61B8QAs/5yxZ
qKOqDD2Y1NU2Uq3pFQlDgDW8HgHc0syGl2ZPvxAsxVjee/+MG8yPBH8PQzMLjEG+421iXCM6wSMh
Pp6Qra2905Mfz8n+3uE52flw/vb0/T/WjfPdCR7cIKX7eDhaHqZxuGkF0jrx9ImGM/WjJVcAg/Pf
rZtwFPmebUr7Ps/I6wU5wRNEfZ/s6r976u+6cBoirQCP0eCIT815m5L0F7dTUe8qwvuQ+UVslyde
zjMLg33nnhbKmC+cnmtvkO09Jhyq6pd9oeE9Q7nrk5gmtQbgr5xAM8RYxxSaiQqh4/rsjfBlUp/c
y6MwyxvlGZ639zY35w5Kkv0+h/vXbPkpaq9+LQ1jImhiLYKb1Hq7uN/1xCujZg2kFON+LPahSDcO
RLrlXfRjubkQaO9wESfdo8nFGWMX0hwf0ExLTuKiZG9ptMLpHaqPHIGqzxMapVOrF91y88k709nR
+Sro5Oui1nRiRXu6BfFChBWQzEVsw1CEezCc0SBbjPg1C/bY5dd1IflwiLWvIDz/ytSUhQmgIt59
Gte6HADWd4T14fHUxe+lxNf7F0zhC5IVV23dQ3IfhUwREsG/2SXUu2grLhXbb/npV2YhY1hsmMuJ
eJYRNJM60+jeLOIsoLF9alNBqa8Ut5Z6Q+gxO/9UxQ/OFyqJtgoMFcD3IpMnW98EWt65Z8Vx/YBr
AqzQt2Lm2UcvFZRaytc4OPzc2Nk9tpEc0OCCJxcpaZApuAmfgJOPYNQM5ex99tJMW131p6f+9NUf
dTSA213RgvmuiLJEBB8Mk02V7NBDSxCrNn0FQGpHRDNmZSCa8pf4nMPoctHtIhpZ6SqtupjhwcKW
4Jp093TMt7fcPXRTguKHIJQAK6DA89OZX9tWbFKfLgRXQqyAJ/fNNSJ5eecbyfsJv/i8trMVJLfx
OIVqV5D5ilvKx8t7LOgwS3EsfcJTtr7F1JIl6B5kUP8uA+Aca4MOZPlrg3iPCe0KaOfr0b6ci682
cW5uvF2Avz0IaMKOd7/Lns5KRvP3/WH4nIXxa2qfclHRbK9em5R+x6KPJ3Zvcd01TORJtoCikGJ5
8zufM7Fn7X4sKPe0W7Wcuqa2KRkCDiXCCih4WHwExAq1Nv2+Ae2c7TE+qa/9ug8FZFW+7ExR8REo
E0RBqk9yDb91Xtf3OjdCfnxKnhphyHR/4wgRHLFLZq1pGsQlT43bJGfu+RWY+vcbu1ZCrWB6CfXZ
yWjXxFaQ7ulC5dYP8s9/koM8uqAwCFxXoxVCrIKE+/LrEQYQRbkHx62v6XYfLrrmB+2h6sfPnFSi
3IvjQ/wG0yC5exSn5g1AN249+XTJhzef9pdvIvCRPAjojQM9bHodVO144uuzHMdba7IzxW08tkSo
Xa4ATe/ywM+Y3ALQumvC7NxsO3DnO1+H7uCWtlPn9z8Q8KUSBc9kTNhDjuDXcm3dhkkrIp1/dGvo
JenO5CLFhpiIyWSxbnOtOKuGRVmqX8u17uKERrMjyi1YJfHJxhmVDA9fxS6EA5zSs4wSkdlvalvk
WiPWwzgNeB4s1re9ELmNx3KDfqwkeOCZlcc5T6acBb752ZfiY5pZwvCjNHiS85aFFj/2maa4XYQG
6bl51L9Frk/ouN9juG/WOB7X6r/XhrmGJMwM0yDWvhDSGO2Oau/h7n2+1Rl1JdpH9VBgPR5XsjzY
loFPA0/o2jJwyc/a0ATwZqx+OGHx+S656CFXI5pgZOAt5G6g7Y1no/KK7IpoymcEv8I6TsbRszOa
kT3mkdaAtPrb7cG22yX/z+kT13FbWCCAfpnTGXvJohlehyLzX9Y/7tl2Wo7+uCf86bSB5LQnQ/jX
7XfGect3+vh7OFWFJuWFKtR1fPmY/LfjmmylDApTI4ZB6svWsNV2kXg1B/01Ap5mLx28plEk8sjD
zoBT1g3qzTlTH4dNX4rpVDLCna8N3QHBRtSTIb3WD6Uv8Wh3IM1Az6HwmSowFQnwLWmaGSjcxxWy
4jq+jF/CKBZ++Xw65V4eZIuXUlT1ITVoxUaq1jTSl1K1mOQ20IRfHkm3XtJSxnyjCH6e9+XB0c45
kpRhNn7HnT+6Pk1KPECkhcHfzRiyLHA5/sv/kf+BjvJMNFJ6yfSDl5xdNXyuPvP6coCk64m4bmB3
0UWsLzI1FyF+kekZQcMmnjSlPJFzsdKiCGiKWHYJFkYg1qaMFNAJTRjJ5gzHRyn8APvzsO0yMmGE
R16Q+8yHH+SGJSOvMxHCk1NkUOeZ0imDURe+OpIiSyI/zUoWIk80L8KnBFqQg//EGqDx8IvB4JiB
8Qm7Ktlt+WxKoflSciWiHzOCk840Iai9EMDi19EWKCF+N1bhvpqziOTxDNJ9YNAcR2i0itn2OCLk
2ae5fKcFv6WMn5Yl+F1l9QE/0AEuGwY0A6HkbSkqpGwUGIM+A5ZJfeHhpx4jc/mJSKSEyFnZZtFL
t4n8yh7eSOd55gswd/01520y1kuVBD+VyfzxhpRsJwjEFcF+hB8c1pGEXHJK5OYyLCNtrQgy2/Jj
tvLRfWl3+hmCHy/G/kCgxUApyG2yIFqVWF6baXnbEPbZJ0jCwCJAr9T3ScJSpX5UK36rkoSM4tc9
sTcTUPqEodCgHPZ7TuUXqmf8Espe0iBn5LmuFJzYC+SuaoQOwtCFNEDt+KHIbbgt6z7JwwloBaxq
J11E3jlNL6Dhkwuwo6Ys8CHFKX+orUCKxeS57Tm0HhRPN4kM7UT3dOgPmwS/FQhAMBZJ3YDLR1qY
R/qboYr5mWxewARWlohrDhbGQA0ASVpuVAqHutUCHU7RVrEM2uQm4dmP+J3uRD7mM/Ru0mRqD5Pn
gCGHfuNKtUgYDY10W7Kq2yqVxpHkEb4hjxYIeo9lI8hPKKRNgqcrqd8kxF1zRJ4StGl2Pm04qJEk
yeNMUZXCUDEhyKZxycaFTik/oeirDkEvBfdB7NslQBtBmxOgaLCupmFoULihCpWWBs4efHiyUJ3y
TSAmYD0YzomiQz8IeYZ9O2QzOllkoHFyplTtSOWqY1Tl4+fYaldcal5aFHTaq4ZiVBhZKhFOOYgI
Honh+SnIZgqJWlGlMnJorRy7KZkJaCiB3RStAiuaSTEbUrRt4iAKqF26YPUZw//zCDA/ukt+DKWP
kz/NRCxF0O6zFEmzSwm4D4yH4PcKgbDWQqqW43a0YNIJfJK9QsuX/rgGCWW/kCKhxyBeDsEHz9sj
6sPUaN1Ciax6JAarsjS79iAlSCtEynGdnu9vk/O3h2fk6PAYt6iORkeH+2dktP+eQKb5bv/9JoFC
5PwUSu2TT29Pj/bJ6P3p7v7ZWbPuAix9uN2eVseIJVzIgIyOOEWA3pxJlyy1UTrbFugeUgJf+hZZ
pAGukCk3K1nhUiaPwEGDNSHebxmbMjJI8DAARlhMVyY5KybgeitHriKSrOMUYwjGeflA82ZptAWd
3EOzxczDdEBpFsVV7aqeLTGAebE4raC2HY01fXG7SBp5WyOf0WQCPaPhiSBQmad0QLdrV3Y1FEc/
RfRT4LtDGuUy+TAlgcQsBxt8sVnEhLoRFmaowqs8JkzhDasu2CSnyucrg4fsQeSBX8rCIYhcRaSS
P1WMYyk+AO05jsYKtR1IZ3EjSErTURxKbNNEhEWwVU/rEg3TNM0WRjS6JW/YBrnFpCzrOCsSRk+t
qsssRRuyn4exyq5UCkf0jQbeKNprDwvpB6TsUswCAVxBmIfOTm9RMARtCHxQwyUYWZrmDB1DNodW
mxXZJjotrK2SarNoSJUj6KSyqaTBot/UE45qvHkeXaSF7Ls0RioP8xBiLK6HkCL3x4YkagykpKj0
iv1Fq1L2mJs2Bsl2rCWSFTYwC84h6HbKFtsT6lbdpjE3Qq+n+KvCRRdSvHRBE5nMHBoeDPBYiQ2P
N5e5CqSPqD2QTiUYiktMcUxC1DMKYYUOHtP6VHiKmrFwle2iAvEbnQXfu1ndZYfjKGIZNti2DhGQ
ms1FoFLMCc1g4IqZuBQZsiYwIR1kpG9TIx99V4WWCSuTTRXenpmtVNxCt5osMmS+SRotowFl48mK
G1khjA4B0mtXeawcj2IK6SvkOJaRiT4+DEQtVpO8hVwQbOmlTO7I7ujDJjwLMkygf11xH8xe5grK
e5b8G5L/NukVaXeVkadSO0bZJtnxwVHNaTDdgqGkGib4ePCmrgoqJTjzggZmdMQq7BnMzKHI/jV6
NUwxadAkKMSHUTQqku1qAIhjCRTqCsImPpjHUdzQ17XRzbHudSn/ysr2xLS8aEacAytSJkjblXkY
obUzdNVDL5pkpJ8JaDKTD1A9EtW2IGucJnSGEKBNQG1pHMiMBYeXIQiPnZ0m2E67AccJEjlexg/L
szQjx+cfpKQpQELYkzwjOD6XTVlVpwYXzcLXhFnewKe2pbRo5T6b5LPtYsDyE2nhQEWna3PoqvI+
0cPTVA2o0ZKjVKjApa2hhcyUc1LcducCBrBogcU4hRUjUenBfJpRktLLwlPijEcxLYT3jCEsCCYn
+FTCoucjfhM8UoNhOSn0I/k8Eddo9Qk53CPPP3843HsBmMHkQQYofwXuPk7UO4xgGDh+SWDw0qwy
QLAEIYtIZUdg6Z9fHxX89djGoPwoK8OZIRk0IfvAQa4MwxKbKGZHdAgxJm2mU1kt3OPTReM6536F
lkKaAs6N0axwmwBfWulmMQqQI0gtKJgNJJ0yI4uEF/CYyGfBao7pAiwGR5KhuCwG5RjRdBiQrrhR
3FNVppUDLCa5zAmScznDocwdjwmnmWoLWVbbdp7qmRYPOnKmXJ1+pqGe2SYx5EiXPMBqlBvXLkrX
gnGIRrNynBDhY0E9HG4WpawJslsnpVQj74Qixx48VfFGd2hUpW5ijK/ooeR0BJgh/pYBEh5+L8Ol
8bAEHjE1/J0wxWzCptj/5BSmjHDzwt6licuZTSvwKvhYUQkf/BChdVEBiycjB2EQ026T0rldTJrg
Z5kILbodCFs8jH9LadqyL+PkQCOPwX5ZavhG+VltWZGcyzW75p6sbCIXL6UDQn2yBFsaUnV8DYto
dERPphQBXD5jQQd+DeKSZ2SW4Oa8Uj3VhE2poeZNFWnXdEW5HKeBm4RBjGqbWMR5UBijvsBIJsto
h9iW7lAm+I1YOzGMJeiXINjp1FlOzqopqm0dxHFGTQ4bFVnFQN1e+Cmacq7D6ORo7w0877xGKrub
TY7nkG1OhdEi0MsaalGiLDkX2DJSlCa+fdzkQkoMjmwR4rAnxQ25KSBMK9FxLKfvk+q+hCCdGJ3N
EhhAq8kyPbOmJhCyhMqWs/BJ+aAHn+6dboM+Gtrlq8iHTuGKqdyaQte5kjWmUvAKgKQ1jelsCLSl
5pVpqsa5oVRoUHVfGxPE+KihI5WZIkq6MFUHWXeEdmLMXG2Cf4zndJPgQWIyPGdlFgaud8oSyLQb
6IEiDH/qbhGtVKyg1kyYXvEywmsOGSdEcunFCmehGcqWV/eLOm60tMJqNnXGw8pX6/iLTLE89gR0
zdiy6DCxQjnFpx8qpnObVQX6jllDoc27I7x226p1Va8wZk40D2CfaX0WcyRzTZQeAwc5Om/WHgOn
nGFo4svEkU9LRjD6ACBqfQE9UDFxoHwc8NMusohsNOA01aMSSCQpfi9SX2HKAzLqttouGk3dA7vF
Gaxt8qvMVSB+bsoprf8iU3UYaRkmzXUPCQPzRtyYoyYNirUmORtwW8SSAV1G6FTmx3KwiSe9gaw6
3Jriq3qlDOonwdUpjAoqelU1bhNco9p2/9Xf7A6vW5vt6/am+6/Wv3zMh2Q/f44L1B4615cDR7li
ddXpvlBJnlpiMMfqqodjbAEd66k0mXrIuTBoNW+BKym5l+VJ4ZSLAUpSLk5IjwN8IFR5cvEnLRTW
KBY2wBZUNvvsQLoaWZUsbzHJZaagKF8MSkOmlkbOJ2I5vGXX4PhSPbbzLnB0kMpxDGhkwiEvX6gc
TpZDvPJLHIEKI6rPKJSSPyQjSemrNzY3GH6uJ5UnZmz/sSE3w2xvDHC3Mu5LmXiQE81NCi4qRT5N
LJoIv/giA2doUXHV0SLkSWBeo4swr6c8kK9YVJRZGJuXcwgf5jWHXnZpEn6Th9FX1+FELZFZNOjx
xclWcsUeczMA5JuFYs/Ww3s21bMNJjWVgSC1SZCyhCblbHRkVb9Ifw/wyKriFylvyX2ZEO8tFVxf
a9SOPsVqQeUSqqtfl/nKY/VqxVB+8vtrwCfm43B5HdpaFyie6zjtVsvFTSujvVMLui++SNHqRCBx
u8HAIURpahU849jlPx9bmGsSwCWOo2s4w+AKT+yziLGeTTS2ho3mNdvDBCvPeJC6Uknq1GM+m/CI
4nH48hNK+CKNdEz+RBdCVl6yiPE0KklwlbJgNBAos3T02ypVtP9S1WXcx4VBTIAsu/VvNDm3rESq
sm2SYMyXS38+y5UtFvx/wSTudCSni6oH/vzz/wPGGQX3
===END CRASH DUMP===
