PocketMine-MP Crash Dump Tue Dec 21 08:40:17 CST 2021

Error: syntax error, unexpected double-quoted string "{clan_tag}", expecting "]"
File: C:/Users/admin/Desktop/MINELIGHT/plugin_data/ScoreHud/addons/GCPClanAddon
Line: 32
Type: ParseError

THIS CRASH WAS CAUSED BY A PLUGIN

Code:
[23] 		}
[24] 
[25] 		/**
[26] 		 * @param Player $player
[27] 		 * @return array
[28] 		 */
[29] 		public function getProcessedTags(Player $player): array{
[30] 			return [
[31] 				"{clan_name}" => $this->fcaClan->getClanName($player)
[32]                 "{clan_tag}" => $this->fcaClan->getClanTag($player)
[33]                 "{clan_rank_name}" => $this->fcaClan->getRankName($player)
[34] 			];
[35] 		}
[36] 	}
[37] }

Backtrace:
#0 plugins/ScoreHud.phar/src/JackMD/ScoreHud/addon/AddonManager(197): JackMD\ScoreHud\addon\AddonManager->loadAddon(string[77] C:\Users\admin\Desktop\MINELIGHT\plugin_data\ScoreHud\addons\GCPClanAddon.php)
#1 plugins/ScoreHud.phar/src/JackMD/ScoreHud/addon/AddonManager(61): JackMD\ScoreHud\addon\AddonManager->loadAddons()
#2 pmsrc/src/pocketmine/scheduler/ClosureTask(61): JackMD\ScoreHud\addon\AddonManager->JackMD\ScoreHud\addon\{closure}(integer 1)
#3 pmsrc/src/pocketmine/scheduler/TaskHandler(137): pocketmine\scheduler\ClosureTask->onRun(integer 1)
#4 pmsrc/src/pocketmine/scheduler/TaskScheduler(179): pocketmine\scheduler\TaskHandler->run(integer 1)
#5 pmsrc/src/pocketmine/plugin/PluginManager(654): pocketmine\scheduler\TaskScheduler->mainThreadHeartbeat(integer 1)
#6 pmsrc/src/pocketmine/Server(2389): pocketmine\plugin\PluginManager->tickSchedulers(integer 1)
#7 pmsrc/src/pocketmine/Server(2152): pocketmine\Server->tick()
#8 pmsrc/src/pocketmine/Server(1992): pocketmine\Server->tickProcessor()
#9 pmsrc/src/pocketmine/Server(1586): pocketmine\Server->start()
#10 pmsrc/src/pocketmine/PocketMine(330): pocketmine\Server->__construct(object BaseClassLoader, object pocketmine\utils\MainLogger, string[33] C:\Users\admin\Desktop\MINELIGHT\, string[41] C:\Users\admin\Desktop\MINELIGHT\plugins\)
#11 pmsrc/src/pocketmine/PocketMine(360): pocketmine\server()
#12 pmsrc(11): require(string[88] phar://C:/Users/admin/Desktop/MINELIGHT/PocketMine-MP.phar/src/pocketmine/Pocket)

PocketMine-MP version: 3.26.1 [Protocol 475]
Git commit: 6b7d0307afb36a7faca2dd65734e15000baf17ba
uname -a: Windows NT WIN-MPUNB702KO0 6.3 build 9600 (Windows Server 2012 R2 Datacenter Edition) AMD64
PHP Version: 8.0.13
Zend version: 4.0.13
OS: WINNT, win
Composer libraries: 
- adhocore/json-comment 1.1.2@fc2f76979f0a44a5f5bc2a2b600d0762fe0e78e7
- daverandom/callback-validator unknown@unknown
- pocketmine/binaryutils 0.1.13@0abee38d4e2861621f262c79a2a3d699d8a697f4
- pocketmine/callback-validator 1.0.3@64787469766bcaa7e5885242e85c23c25e8c55a2
- pocketmine/classloader 0.1.3@3c484a27787f7732ce842ed694928a29ba340961
- pocketmine/log 0.2.1@830b44a2cf96ef703c550abe64302f230231ca49
- pocketmine/log-pthreads 0.1.4@01620c3628cdaa6b4a21122cff4c5d2f70b5c1d3
- pocketmine/math 0.2.6@43057cb8c179a9859677b496a788db922fd5cfc3
- pocketmine/nbt 0.2.18@9f82ca4d7f97fcd9a566e44b63c4f18a7657ae82
- pocketmine/pocketmine-mp 3.26.1@6b7d0307afb36a7faca2dd65734e15000baf17ba
- pocketmine/raklib 0.12.12@5abe22043352e94099e4edfcef5fb3644578ddc1
- pocketmine/snooze 0.1.6@92abf1e988c71635d466abb777f61f89e5a9c990
- pocketmine/spl 0.4.2@6b08b7cf8c4afa17139c9a1b3bf1b408531de161

Loaded plugins:
AntiToolBox 0.1 by NgLamVN for API(s) 3.19.0
AutoClearLagg 3.1.0 by Twisted for API(s) 3.0.0
AutoInv 0.0.10 by JackNoordhuis for API(s) 3.0.0
AutoLight 1.0.0 by NoobMCBG for API(s) 3.0.0
AutoSell 0.1.lpk by LamPocketVN for API(s) 3.0.0
AutoXP 1.1.0 by JackMD for API(s) 3.0.0
BlazinFly 1.8.7 by iiFlamiinBlaze for API(s) 3.0.0
BlockSniper 3.2.3 by BlockHorizons, Sandertv (@Sandertv), Chris-Prime (@PrimusLV) for API(s) 3.2.0
BoostPad 1 by BrokenItZAndrei100 for API(s) 4.0.0, 3.0.0
Broadcaster 1.5 by EvolSoft for API(s) 3.0.0
BuilderTools 1.2.0 by CzechPMDevs, VixikHD for API(s) 3.16.0
BuyFly 1.0.0 by 1.0.0 for API(s) 3.0.0, 4.0.0
ChoDen 1.0.0 by NoobMCBG for API(s) 3.0.0
ChronoItems 1.0.0 by NoobMCBG for API(s) 3.0.0
CommandsMNF 3.0.0 by NoobMCBG for API(s) 3.8.1
ComplexHealth 1.0.0 by DuooIncc for API(s) 3.0.0, 4.0.0
CreditsAPI 0.0.3 by NoobMCBG, pmmdst for API(s) 3.0.0
Crossbow 1.0.9 by  for API(s) 3.9.0
CustomAlerts 2.1 by EvolSoft for API(s) 3.0.0
CustomJoinSound 0.0.6 by NhanAZ for API(s) 3.0.0, 4.0.0
CustomSetting 1.0.3 by LeNick for API(s) 3.0.0-ALPHA8, 3.0.0-ALPHA9, 3.0.0-ALPHA10, 3.0.0-ALPHA11, 3.0.0-ALPHA12, 3.0.0
DEVirion 1.2.5-ALPHA12 by poggit, SOFe for API(s) 3.0.1
DevTools 1.14.2 by PocketMine Team for API(s) 3.13.0
DichChuyenUI 1.0.0 by NoobMCBG for API(s) 3.0.0
Ding 1.0.1 by sn3akrr for API(s) 3.0.0
DisableTNT 1.0.0 by NoobMCBG for API(s) 3.0.0
DoEmote 1.0.4 by alvin0319 for API(s) 3.0.0
EconomyAPI 5.7.2 by onebone for API(s) 3.0.0
EggGrenade 1.0 by xZeroMCPE, Hytlenz for API(s) 3.0.0-ALPHA12, 3.0.0, 4.0.0
Eternity 1.0.0 by NoobMCBG for API(s) 3.0.0
FastChat 1.0.0 by NoobMCBG for API(s) 3.0.0
FormAPI 1.3.0 by jojoe77777 for API(s) 3.2.0
FormImagesFix 0.0.1 by  for API(s) 3.0.0
Freeze 1.0.0 by NoobMCBG for API(s) 3.0.0, 4.0.0
GCPClan 1.1 by InstantlyTa, NhanAZ for API(s) 3.0.0, 4.0.0
GiftCode 2.0.0 by LetTIHL for API(s) 3.0.0
HoiPhuc 2.0.0 by brokiem for API(s) 3.14.0
HubDelay 1.0.0 by sProDev <suluh@teknowebapp.com> for API(s) 3.0.0
InvCrashFix 0.0.1 by  for API(s) 3.14.0
InvSee 1.0.0 by BlockHorizons for API(s) 3.0.0
ItemEffect 1.0.0 by NoobMCBG for API(s) 3.0.0
JailPrison 1.0.0 by NoobMCBG for API(s) 3.0.0, 4.0.0
KDR 1.0.0 by JackMD for API(s) 3.0.0
KeepInventory 1.1 by KhoaGamingPro for API(s) 3.0.0
KeepYourXp 1.1.1 by ArasakaID for API(s) 3.0.0
KhoeItem 1.0.0 by LetTIHL, NoobMCBG for API(s) 3.0.0
KingOfBlock 1 by YTBJero for API(s) 3.0.0
KygekRulesUI 1.2.0 by Kygekraqmak for API(s) 3.0.0
LoadAllWorlds 1.1.2 by  for API(s) 3.12.0
M82B 1.0.0 by NoobMCBG, Mcbeany for API(s) 3.23.1, 3.24.0
MaxEnchants 1.2.1 by Xenophilicy for API(s) 3.0.0
MenuSkyBlockUI 1.0.0 by NoobMCBG for API(s) 3.0.0
MenuUIandGUI 1.0.0 by NoobMCBG for API(s) 3.0.0
MuaGoi 1.0.0 by NoobMCBG for API(s) 3.0.0
MultiPort 1.0.0 by AndreasHGK for API(s) 3.7.3
MultiVersion 0.475.1 by AkmalFairuz for API(s) 3.25.6
MultiWorld 1.6.0-beta6 by CzechPMDevs, VixikCZ, fuyutsuki, kaliiks for API(s) 3.20.0
MyItems 0.1 by AnhKhoaaa for API(s) 3.0.0
NDSPortal 1.0.0 by NoobMCBG for API(s) 3.0.0
Netherite 1.2.1 by Wertzui123 for API(s) 3.0.0
Nganhang 1.0.0 by  for API(s) 3.0.0
NgayDiSan 1.0.0 by NoobMCBG, LetTIHL for API(s) 3.0.0
Ngoc 1.0.0 by NoobMCBG for API(s) 3.0.0
NickUI 1.0.0 by NoobMCBG for API(s) 3.0.0
NicknameUI 0.1 by ItzFabb for API(s) 3.0.0
OffHand 2.1.1 by alvin0319 for API(s) 3.0.0
OreSpawners 0.5.3 by RKAbdul, AGTHARN for API(s) 3.0.0, 4.0.0
PhatLuongAuto 1.0.0 BETA by VanhLXYTB, NoobMCBG, NoobOfBlinds, YTBJero for API(s) 3.0.0
PiggyCustomEnchants 2.4.4 by DaPigGuy for API(s) 3.19.0
PlayerSelectors 1.0.8 by Ad5001 for API(s) 3.0.0
Powertools 1.0.0 by AndreasHGK for API(s) 3.0.0
PureChat 1.4.11 by 64FF00 for API(s) 3.0.0
PureEntitiesX 0.7.0 by milk0417, RevivalPMMP for API(s) 3.19.0
PurePerms 1.4.3 by 64FF00 & ProjectInfinity for API(s) 3.0.0
QueryServer 0.0.1 by  for API(s) 3.0.0, 4.0.0
Quest 1.0.0 by NoobMCBG for API(s) 3.0.0, 4.0.0
QuyenLoiRank 1 by KingNightVN //DON'T EDIT AUTHOR! for API(s) 3.0.0, 4.0.0
RandomBlock1 2.0.0 by Edit By Nờ Cờ Dờ for API(s) 3.0.0
RealLife 1.0.0 by NoobMCBG for API(s) 3.0.0
RedstoneCircuit 2.0.0 by tedo0627 for API(s) 3.6.0
RenameItems 2.0 by Wertzui123 for API(s) 3.0.0
RulesServer 1.0.0 by NoobMCBG for API(s) 3.0.0, 4.0.0
ScoreHud 5.2.0 by JackMD for API(s) 3.0.0
Scoreboards 1.0.2 by Twisted for API(s) 3.0.0
Sell 3.0.0 by Muqsit, KairusDarkSeeker, JackMD for API(s) 3.0.0
ServerListTransfer 1.0.0 by NoobMCBG for API(s) 3.0.0, 4.0.0
SettingUI 1.0.0 by NoobMCBG for API(s) 3.0.0
ShopUI 1.0.0 by SaltyPixelDevz for API(s) 3.0.0
SkyBlock 2 by Quenmeauthorroi for API(s) 3.0.0, 4.0.0, 3.0.6
Slapper 1.6.1 by jojoe77777 for API(s) 3.0.0
SlapperRotation 1.2.1 by jojoe77777 for API(s) 3.0.0
Specter 2.0-FIX-ACM by Falkirks - fixed fernanACM for API(s) 3.14, 3.15, 3.16, 3.17, 3.18, 3.25
Sponges 1.1.0 by  for API(s) 3.0.0
Spyglass 0.0.1 by Mcbeany for API(s) 3.23.1
StartedItem 1.0.0 by NoobMCBG for API(s) 3.0.0
Sudo 1.0 by ErikX for API(s) 3.13.0
Swim 0.0.1 by ItsRealNise for API(s) 3.0.0
TableSpoon 1.0.0 by CortexPE, Xenophilicy, HyperFlareMC for API(s) 3.0.0
TempBanUI 2.3 by KenVNG for API(s) 3.22.0, 4.0.0
TheoDoi 1.0.0 by VanhLXYTB for API(s) 3.0.0
TimeCommander 1.0.2 by TheDeibo for API(s) 3.0.2
TokenAPI 2.0.9 by NoobMCBG, onebone for API(s) 3.0.0
ToolLevels 3.0.0 by NoobMCBG, S2TwKen for API(s) 3.0.0, 4.0.0
TradeNPC 1.0.0 by alvin0319 && FunkaDev for API(s) 3.0.0
Trident 1.0.0 by brokiem for API(s) 3.15.0
UpGlassWorldEdit 1.0.0 by NoobMCBG for API(s) 3.0.0, 4.0.0
VanillaEnchantments 4.0.0 by TheAz928 for API(s) 3.0.0, 3.1.0
VanishV2 2.3 by superbobby for API(s) 3.0.0, 4.0.0
VayNangLai 1.0.0 by NoobMCBG for API(s) 3.0.0
Weapons 1.12.0c by xBeastMode for API(s) 3.0.0, 4.0.0
WorldProtect 2.3.9 by aliuly for API(s) 3.0.0
essentialsTP 1.2.2 by  for API(s) 3.0.0
iProtector 3.1-PCP by LDX for API(s) 3.0.0, 3.5.2, 4.0.0

----------------------REPORT THE DATA BELOW THIS LINE-----------------------

===BEGIN CRASH DUMP===
eNrtXXl32ziS/ypYZ950Mmtd1O3Z5MXxEXvahzZWjulRvzyQBCW2SYLNw7Yyr7/7VgEgCdCOLdnK
eP/onjexWAQL9UMVqgoHwX9veTwJafb1iiWpz6Otnd72VuaHbGunM+i12+PhoDNsDjsdyxptb+Wx
vDVudgfD0bAzHo+HvfZgeyugaXaQJDzZ2vn3VraMoczWhCYpk8TtrZClKZ0jOV1GGb0hDG9skzxi
NzFzMuYSl+d2wBq/5xyv0izxozmZbf3bCWj0NaPzP2Zb20SWlnd+nW0BZy8PgkM/QNZ7O7PZxxSA
zGbUDf1oNttn6WXG49ns9Pjs4OT4/dF0NouDfO5HX12a0dnswuEJO8pdfMLlETz5fm+yBzXu4mUz
XsRYRcG+Jbi3BPOW4t0qWbc0zq2CcUvybelsgWXgR8Cya0FjJ9SBn//aetEmkkFaPgz106SVJk7r
H9S5PN2vcW0Jbqc0gpZNXnbGw1c7RBa8BWw208s23gScuoLyUjb0v4bDX8kPab9XgPZF52nQBp1H
IEtfiqotEodYDf4/5s4lywAZa6XOgrl5wJLWXsDTPGFTml6uVdF3i4HFCo5/vPSjjEFZ0hGSdB+S
BEU4opEboDa7qM2q2GxWlpvNNJEbb3j0IY9qVfVWqeqiuHrZGY6/X5kmVeNNcquq/t1VSX23JuJP
qcd+7/56SpEab0LqR9NFwqh7xGiS2YxmtZoHd9d8wRJwZi+t7qgOSso0mxlCNd5kvlNVnNYqGd5f
Sadv1SqRdyRXaYGje1mAE72PxSThDvhOnkhe4/t59UeD7/BKM2hEyaPTvpvJRPw8hZ8vu932d/h8
/epA18qS3Mlecvs3cMbkHU0ZdPk0PYGux8CpK7r+eJ75ATiHU1DqCZ/PsZRyPN3uqo6nfKTXWc9X
QRkJvPMw8EEdeCqbVjJQzuRlB/1Ewn7P/YQVHnQ0+pWgU9tptR6MFFWNjdNJ5QpvyfRq69c/trfY
M0XWHxf2AJR6yo+ueHDFQhZlUJcL7elkUNDhLkPEVheos2yW/QFEqwcX+LeviK2//Q0vB+qS/I28
jWlCQzIJ6BK68F9i8RfLDLUyCcvyJCI0SegS743Key28HKvLGFrNd4iXR9AuPCJzlqneyNwpnacv
zVrAIgTHfwOPblvxmGWqsn8htVNS4X+q/SMaMlAAef2G/CVb+GnjjedQbLPGG6gQf5xBiZdFJcjG
Ajak9p+pznu4geQGs+49zBIaXT4g4AcockvAXonz17/jdV9TYldqS/xEpfyx9cefSdCfSdCfSdCf
SdCfSdCfSdDdSdD21pxFLKEB5gQYkDAL0h8HwWzQQDWNsdVtWoNmB+m5H7hbO1a729ne8tOvLrva
2vFokDJIQhKecYcD296wD5X4mIQM7KHb7raH1LO7Azr0qEMt1x30h90e6/Tb7bZNvc7QpsA7V7J8
9iOXX6fkbEo+H5+BPB/P3g3b1s/nbTJodokQgYwH7TZ5WRSVtkSsNrTnB4vsQyRxIAkC0oHrY77x
iuye7g96UAvOQuxsjZrtZqcLl99YBHi2esU13P7KU5Ti+OxsCgRxce1HIo8KYw5a+Br4dkITn6XY
gtRdcHTYrd9SHjWgjEq/Os1O03rrOZY3HIyHY69Nez3a9/q2Y1HLBvHd9nBgeazNhiM2BPYuBQzg
FnnYcmgQ2BANGlc08CEuYsYK7XMZ8evorfqLwlbatf2IJkvRKaAogAE4b9vUZqw7cnvMGg06A6vj
WQPLGY6pRbvuYDx2RxRE83omqzsr70ADdd8OesPRsAfPDAa2Q+mQ9UejvtWz2KjvWF3H6rOR0+9T
q8YQu3IgurKSrfu26/RGPWoNgZ83HHYth42ADQjVG1sjao1t2u21x4OOySngc8HBanbejrptG1rU
crzxgHnDdhdqRsCDXrdteRb80+04tDe+xaERZyIKFA3Ve9uGtmk73YE1clxKBzZwxUk6x/N6Tt8F
BbbtvtNxuyarkGYLJc3gLVTaHzr2yIHIR8ej/ngwHNq9MZj8aOTaY8vy3L7jOTUWkZ0VeEZvx97I
AoHdoQc6cdwx7Q8GrNezB9BWXmdEh9BrKBvVGrf62Qjjsqu+XaPfacwSegm2LdsFZLLe9qFBLavd
63b7FhuDRsasx1zPYV4fGfd6/eHIdZ2amtKI829MNe/g7diittdh49HIGXYG3b7bGwyobQ+HQ2/Q
8UZj1qdjZzxu15jEgeDQg140sNsje+h4I6dHPdoZdrrwAO3YXeBr99qjfrfjsg5Yyx/lYEj0zd0o
86ecB+/4jebsdOr2VuXl2sLF0Txb8CTFBPpsfkLDT2foMmnsI6Xb7IybbSSwiMI4EHwHRC5wfi6L
wZPgU3Av5V62rxMw9YAKFD/I+yoJZjMZ5HBABz/QF59fTD+ffzjZB9I1s1M/Q6HBnS5yuwn+pVWI
BVh384zvBZDOnND5XIdo0HWQgKDZNmFOr/0UBrMGzPbjUWaSHYRREMJBIQIQAkDXZLoX7iLL4hQC
nwZbibmbLoM8PN1rmfxUYxxHV7VmQIqpZdBzrQUw8z7jPHEXuZ9uqh1+A6ZRwVS2BgzQZTtIoe5t
gQLRiT9fZDVMkqaj6ghJTevl3D7de/d+U3gKfhKBEEHmX6siuWBBUAMiSLU+2AziSxMJmLtMUGp9
8QlgNJYSD0pS/VoV0pdJDdCXSU0tt3qbHOVtCkcxZpR1r6aPO/qWGjIrBADuXUC/+dFhsNTwVTQT
4qg5NCH6/mFAQ9+P8Am2Kagm19msFEf7uYre3gWg+IvIj1ligKuopr+0ml0Tnih6xBP/Gwxc4NYF
JG0sya7Iy7fFT0zu9xaJnzYmiR8yuIN/8/Tk0yujOax1m2PrdDkJeLZVNYshDTZFiWPV0CIahfM0
m2ChqkUKkqHtWlMk/JJFx9kvu5GbML/TbmvwesonPUnrt2sAjCDV6q4HOFDXoRA7DH1rVNOc+ybE
gyseXIBwmzJjrWJAYkihoFxMdz9MP07u7LPX19dNBhIh92Z2KfDhgIglmE+kOkCdbCK06j5p7xtz
FpPTfXaFRT/5N/7lkemiOoPHI3aQexzCWBHs05ZiZSgW4DeFXNdtaXK3DFaiWZY19yUJD0TNTqFb
Q9fbypifHDqlEKsb796C77NIQ6EIzxb7oX6XResASHjEjzMWpgaKivqMUFCINaDA2B78e3p6dqhD
0ahm4FgNyghGHU+G4oS3HOJdXkShiAN2c8RogONXHYdGf0Ap+zmHHNZxNt1RCr6gHF2c2uXKCkuY
62fp7uRYx1kR68OC7t3q2iZxGLpp9gMssJRF/70aNJ6mNr82gClSXXdjA5YO4glj2aK2VczuDs+9
z6N5459+qxQaMeVpxsPdAKKD4St0so7Nqo/XNx2q9ZpBQaYcjwvWksk/YCR4wfPIvQWzulM3zkHN
OBc02v1l44FKcC2wlsI8elyhpCyBX7AMl8VvwS7oddOt9cgTduY7l3XQjd2TydHuqMg05eXYvOy0
a9ed2rX11ETVALJ6UNk/+OQnAnDZJCWpnrX1NVm1Von5HCfbYSByflgfbT06tkims9mVEGU2g+xN
/dLEeyDUQF5Wz0pLUm2U3GvWQFUrEmTKaGgmo90nRBglAC7vXNXyzhV9VyVaq+SBaH1nsbfIlyz6
qMcbg/xsuY4uxRrGafbV/bu6aM0Hp1GXXibJphAodmB/olcpCR6yOz/FmqZnU0P4kvgf1kJV86o5
2j4/CHnGdOkVpS56zxSdBld+1O52xpuSvWQIbS9FKH+sYkAHDmTY4dLMwDSiDqffHNadAI+YDf/f
FBjFbjZjUgLgOZsZ0jwMaD5/n0Ddrq4cjVjTjwnn5heW8NO9ycE2OVpmAYu+3R3KtGD0xHiuqgGU
uogPo8xYEvmZPnouSc/mwgoJVndfhzTN9hZUnz0vSc8Go5BgDRg8Cc0eVFBMEN06iN/4b5wN8b+n
TTpqaxolRwAihSh/rArlOKRzlh76NzVAFf3Wcs13BzBP0EiY/55igoPvbPiias+/WUMpCWPfdCeg
CI+1q43NMEk5VgeittdpSApKLUUzgRxHaUajLFhOcQ35x4xG/KIO3BjoORT3UQLAvV0l3oOjEcjb
4LGYNa8iAdX3sj1uuO6SZA4sb+nthGXT46OTTbmDOVSL23JXV9MR9yeL3NFELygPSG4n/NJntQS6
94SQIqtdQ/Lc3mcB1YNJSXqgt6SThEOKTf4nzYN88TZjuPOF2TSOMRF/s7EpeTr39xLqZe3ObFbI
tt6YVwjYDJdN320h6OPoCjimC9PN6dTVndxTtFV4OT+6crBm4eNWXxYCgS8YMxEg4QG9mStkm9KS
udAlJVkLTMbCA8/DTfEaoIr4bClBJcPqveof1A8miZ8aMwca8dnjUCXL6qB+3v+gocGrB2D8mMV0
qFj8s5LIjMVgiizKeKK7OJN+byj9ecHpexrC0Bbc3aawGEwBjS7OGgqBx/7J8+RLXIOmiPW9DjVk
u+By6CU93piGSoYSkZRiDTgLzrCz6WAK0gOWphKAbbJpN5Au+DVIGK6BApR67gl3qAPRqPes2P9z
+u4fbINmdv5uDcGXc3b5IQ9YasyQGeQHVqpF2YT+HtLLjUGoWIJVabKsDgxj0G4QfOZJ4OqznSa9
3lms70f8JwzRLnkEluBwHsxmKDgNgmtR/+pwTkfWOw2FuFw1nsDTjs1otDSHnN2mnHC3npDLoBxr
gKA3B5ED4xJjMUmn1k2t1lO+sIjHCz/wneWmTE1jiUBKUYyLlcCxKL+4XIrebvSl2o1nS2kqGdbQ
GMj+8ZhG7vtbkEryswFCKdaAktP33NdBSMLziS/qXwdAkPkTnmQGhoL2AAyxVYumR+9/NoAMm91H
x/2SI0JRYqy69AzDs8X8shmyVonsUyG+Ca4gm2Oz3rB/K7G5DGlwSP0kN6dwrX5z8GiMFU8FUomz
zhhHPCfiTR2bJJqaGzTbDZtldPDgdrC9X8TxIMs8S/NLtONLGvj+pTm4s9ob2iQWosAiaqmWKIR/
ygYxjRE21LK+J6mg3PtKwG60wMya0k11UVnr6h3zbP8Cbd94e6uiPZt/KUVYAwnLFizxjWWuivZA
cP7Mkuxb7nes7qawVBwBTSHGozc+VNxaFSYEPacRRHl9VbUk3a+8dWDqS2z3QD4ImJPh6PAdjUSk
ln9XUt6cLvf9C2PeuKKtnixueF7VMMg1THHOHQMId56xK0Hta4ju1zJARXg+8f31sj4sj6LfAqGI
97rj4+zbIbXtTaFQ7CQIWf/qQM49D99q11AUlNqmtTqIH7loDyKAb3HLHysBSdhFTK8jlujhUaea
OunXt2l9+HnXdnOMRrvvp0e7H842PcuoKgBUlVCrK2qyoNlJzqM5vu6ivwRt0G91IPLuYLprAv0E
nvvkyz+nODzWnBr+xKkYPxKj/g1PuUxOUL414Prz+VLuTrtjQHzXXdNee/VNJvsUHnqfLzf2XmTB
cDa7Q5o7iY+IyEUlrTvYiYGBPIHmgmFQ5Ibp1+/UTWNUyxHdfrvd2diUp+CGZ0wYQqyhf36t3rcw
XvgviY8bzD0FkTaYq+TQf68EK09YbXNHSTIh9Zqdmscd9A4P2+218AjmE5aE6e2MauuQilONcLkS
KvrCrnyep5ODRkHXXtf6KusGtErY6tcjjFoIpQ7CKdmoxjmIMj/zWfql1kIV3XTjw7rmQz+4bPc6
+HLfB4B0RYPJ6elkY70+kTzjMIxnsxgEY0ow2SKFmGtvz9RkbZl4VcNILZqNIml1u+neZTbkrwT0
jAeSHEeeL/ZEbahjGLYhJNJ+bsA6JB9ohf/NWbKUh2Zo7aBT19uCs6Fd55oAG9hxDtzSzISXZs+/
LirEWN17/y/u2T3hPp4NZoDRyPcs9+Cq0Bm+qv3pjLRa++dnP03Jwf7xlOx+nB6df/ivTeP8+Qxf
qBbSfTqerA7zgzj4REwZdzSYBvmBjS541At5tyRns7zDXJfsqb/78u+mOqkm0hrwGA1OfE+f6ihJ
/+GRWlHvOsK7kCxFbM9PnNzPDAzmnQc0lDGXtweWuRtx8JQIIqtfdVv1B4Zy1+f9dGoNwH9yzkkT
YxOzTjoqhI5Lmrc8vk59dseIwqxulMUheRqakmTuKrf+M5tGqlP7NDlWg2Fzmhjrxjq1rhfrhx7e
otWsgJRiPIzFPN/j1tked7wReyq2pwHtZ1z3SPdpcnnB2KUwx0eoacV5T5TsiEZrnCEg+8gJNPU0
oVHqGb3ojpvP3pkuTqbroBMvrRkzcBXt+daQCxHWQLLgsQlDEh7AcEGDbDnxb1iwz66+bQrJx2Os
fQ3h1Zq5Ln5BMgKTKTwklFHIJCHh/ndtSr5SsubypPmyjnrzDULucktfwsIjSQCnPJrkwTB8EdDY
PHyloNRXJzsrvc/wlM1XsuJHB9xKolaBoQL4gWc0M1eZ63ceWOXaPOCaAGsYpzj/2lCaotRypsbh
8ZfG7t6pieSQBpd+cpmSBvGgn7kEvGQEIzUoZ251Fmba6cs/A/lnKP/IN3yt/poW7O/xKEt48FEz
2VTKDj6mBLGu6isAonV4NGdGCFeU+0+D2tS6RXS17PcRjah0Ha0u53g6oyG4It0/BfD9bV6PXQiX
/BCEFGANFHgULXNrOzt16vPFsEqINfDkrr4uIS7vfbHwIPEvv2zsFWnBbTZLodo1ZL72jcbHywcs
6DhLcTB65qdscwt4JUtoe5BB/rsKgCnWBh3I8Nca8QET2uOg55vJgZj/rTYObm8dLcHfHgY0Yad7
P2QfYSWj/vvhMDxlYfyOmi+rVzTTq9cmQn9m0aczs7dY1gYmjwRbQFFIsbr5TReM7xs77grKA3qr
lvA2pJuSIeCQIqyBwg+ZOk/ICLUm/aER4YLtM9+urzdajwVkVL7qVMsUT20zX1otSfVZovH3jt35
Ua9/ZyiJePlbk+lh5XAenLArZqyjacQVD3/aJhfW9BpM/ccN/iqh1jC9hLrsbLKnYytID3ShcrsB
+etfyWEeXVIYRW1KaYUQ6yDxXXEEtwZEUh7Aceebkv3Hi674gT5k/bPZ5LQS5UEcH+P3mAaJHYs4
t60BunXr2ecbPr7/fLC6isBH+kFA1fI7Hpiu96m77uoAe7cBgs/b/Ta2RncAlAcePxLglRQFzx9L
2GPOLFZyte7CpBoiXXyyaugF6d4InOaQVdjctpeb1mnFeTYrZKl+rabd5RmN5ifUN2CVxGdLxisZ
Hr+8WAgHOD8zGvNIt9yCUhv0QZBzaieBvGM0zU7xxfMNq6/iPJspccofqyhP+JRJwjPzNVmDXLPM
egCngZ8Hy81tZkNus5nYDh5LCR556Nxp7ieezwJXPzW/+I5QljA80x+PYm0ZaPGjYWmKmxNokE71
A58Ncn0qx/oRA329xtmsVv+DuvUVJK7nlhqxdk58Y7I3qb0Euf/lTg/bF2ifZLfAejarZHl0BwU+
DTxip6XhEl8FwG+ZsYzVTxcrPpci1gvERH4TjAxcoNh7srP1YlJekT0eef6c4LfcZsksenFBM7LP
HNIZkc5wpzvasfrkv9tDYrWtDhYIwNnkdM5es2iO1yHP3NezvN2mw0D+cWZ5t91pywsGf3pdILW7
9hj+tYa9Wd5x20P8PfZkIbu8kIX6bVc8Jv7tWTpbIYPE1IhhePq6M+50LSReL6D9GoGfZq/beE2j
iOeRg50BN5k1qLPwmfyQXPqae55ghPssG6oDgo3IJ0N6ox5KX+PZzECaQzuH4H9kAY8nwLekKWbQ
4C4uLhXX8VX8Gsav8Mv1Pc938iBbvhaiym/VgBYbqVwOSF+LpsX0toEm/PpExKqSljLmakXwM3+v
D092p0iShtn4HfeZqPoUKXEAkRIGfzdjyK/A5biv/yb+gzbKM95I6RVTD1757Lrh+nhCicNej5B0
Y/ObBnYXVcT4oEVzGeIHLV4QNGziCFPKEzELKyyKQEsRwy7BwggkECkjBXRCE0ayBcORUQo/wP4c
1F1GbEb8yAlyl7nwg9yyZOR1wUN40kMGdZ4p9RiMt/BFhRRZEjth9JIseZ4oXsT3CGjQB/+JNYDy
8OuC4JiB8Rm7Ltm1XOZRUF9Krnn0U0ZwupkmBFsvBLD4cZklSohfv5O4rxcsInk8h0QfGDRnERqt
ZLYziwh58Xkh3qAgGYdaIpcAC/XhJmgDXHELKH6LUdwWogYcqgGo8Itlor3w9EKHkYX46hhSQuQs
bbPopTtEfMgIb6SLPHM5mLv6IOQOmalVPoKfYmPubEtIthsE/JpgP8JvPapIQq58SsRWJiwjbK0I
MjsEPaJ49EDYnXqGgFwE+wMBjUGjIDd7SVRTYnllpuVtTdgXnyGzBIuAdqWuSxKWyubHZsUPfpEQ
MoI8Eb2ZQKPbDIWGxmG/5zTAZpv7V1D2igY5Iy9VpeDEXiF3WSN0EIYupAHNjh/b2oHbou6zPLSh
VcCqdtNl5OAn10DxySXYUVMU+JjiZD/UViDFYuLg5Ry0B8XTbSJCO1E9HfrDNsFPLQEQjEWibcDl
Iy3MI7AgLCKZXwj1AiawsoTf+GBhDJoBIAnLjUrhsG2VQMce2iqWQZvcJn72EzRflojHXIbeTZhM
7WHyEjDk0G8s0SwCRkMh3RGs6rZKhXEkeYTvY6MFQrvHQgniDPS0SfBoG/mbhLhHi4gjWrb1zqcM
B1skSfI4k1TZYNgwIcimcAnlQqcUX6ByZYegV9x3Qey7JUAbQZvj0NBgXU3N0KBwQxYqLQ2cPfjw
ZCk75fuA22A9GM6JpEM/CP0M+3bI5tReZtDi5EI2dVs0rjwHUTw+Ra1d+6LlhUVBp71uSEaFkaUC
oeeDiOCRGB5egWw8SNSKKqWRg7Zy7KZkzkFRHLspWgVWNBdiNoRoO6SNKKB24YLlV6D+3yPA/Og+
+TGUPk3+NOOxEEG5z1IkxS4l4D4wHoLfKwTCWgupOm2rpwQTTuCz6BVKvvSnDUgo+oUQCT0GcXII
PnguGGE3zMmF8+VSZNkjMViVpdmNAylBWiGSjut8erBDpkfHF+Tk+BQ3RE4mJ8cHF2Ry8IFApvnz
wYdtAoXI9BxKHZDPR+cnB2Ty4Xzv4OKiWXcBRntY/YFqjglLfC4CMjriFAE6CyZcsmiN0tl2oO0h
JXCFbxFFGuAKmXSzghUuYvoROGiwJsT7PWOTRgYJHgbACIupygRnyQRcb+XIZUQSdZxjDME4Lx5o
3i6NtqCSe1BbzBxMB2TLorhSr/LZEgOYF4vTCmq3rbCmr+4WSSHvKuRzmtjQMxoODwKZeQoHdHfr
iq6G4qiniHoKfHdIo1wkH7okkJjlYIOvtouYUDfCwgxleBVnNEm8YdUFm+Rc+nxp8JA98DxwS1l8
CCLXEankTyXjWIgPQAfttsIKtR0KZ3ErSArTkRxKbF7CwyLYyqdViYZumrqGEY3S5C3bIHeYlGEd
F0XC6Mj1dJGlKEN28zCW2ZVM4Yi60cAbhb72sZB6QMguxCwQwBWEeejs9I4GhqANgQ9quAIjS9Oc
oWPIFqC1eZFtotPC2iqptgtFyhxBJZVNKQ0W/W474ajGWeTRZVrIvkdjpPphHkKMxZUQUuT+qEgi
x0BSiqpdsb+ophQ95raNQbIdK4lEhQ3MgnMIur1SY/tc3qrbNOZG6PUkf1m46EKSlyqoIxOZQ8OB
AR4rseH5xCJXgfQRWw+kkwmG5BJTHJMQ+YxEWKGDx1R7SjxFzVi4ynaxAfFLbQXf+1ndZ4ezKGIZ
KmxHhQhIzRY8kCmmTTMYuGImLkSGrAlMSAUZ4dvkyEfdlaHFZmWyKcPbC11LxS10q8kyQ+bbpNHR
FCiUJypuZIUwKgQIr13lsWI8iimkK5HjWEYk+vgwEJVYTXIEuSDY0muR3JG9ycdteBZksKF/Xfsu
mL3IFaT3LPk3BP8dMijS7iojT0XraGWbZNcFR7WggdeCoaQcJrh46qGqCiolOPOCBqZ1xCrsacz0
ocjBDXo1TDFp0CQoxMdJNCmS7WoAiGMJFOoawiY+mMdR3FDXtdHNqep1qf+NlfrEtLxQI86BFSkT
pO3SPLTQ2htb8qFXTTJRzwQ0mYsHqBqJKlsQNXoJnSME0Ak0WxoHImPB4WUIwmNnpwnqaS/wcYJE
jJfx070szcjp9KOQNAVICNvOM4Ljc6HKqjo5uGgWvibM8gY+tSOkRSt3mZ3Pd4oByxvSwYGKStcW
0FXFfaKGp6kcUKMlRymXgUtZQweZSeckue0tOAxg0QKLcQorRqLCg+FX2ElKrwpPiTMexbQQ3tOG
sCCYmOCTCYuaj/iN+5EcDItJoZ/IF5vfoNUn5HifvPzy8Xj/FWAGkwcZoPw1uPs4kW/MgWHg+CWB
wUuzygDBErgoIho7Akv/8u6k4K/GNhrlJ1EZzgyJoAnZBw5yRRgW2HgxO6JCiDZp43miWrjne8vG
Te67FVoKaQo4N0azwm0CfPnl42IUIEaQSlAwG0g6RUYWcSfwYyKeBas5pUuwGBxJhvyqGJRjRFNh
QLjiRnFPVplWDrCY5NInSKZihkOaOx5nTDOpC1FW2XaeqpkWBzpyJl2deqYhn9khMeRIV36A1Ug3
rlyUqgXjEI3m5TghwseCejjcLkoZE2R3TkpJJe+GPMce7Ml4ozo0NqVSMcZX9FBiOgLMEH+LAAkP
fxDhUntYAI+YHP7aTDKzmYf9T0xhigi3KOxdmLiY2TQCr4SPFZXwwQ8RWhc1lh9Th9oYxLS7pGzf
LSZN8LsqhBbdDoQtHsa/pTRd0ZdxcqCRx2C/LNV8o/i4qqhIzOXqXXNfVGbj3uFUOCBsT5agpon8
yDRR6IiaTCkCuHjGgA78GsQiL8g8wW15ZfNUEzZlCzVvN5FyTdfUF+M0cJMwiJG6iXmcB4UxqguM
ZKKMcohd4Q5Fgt+IlRPDWIJ+CYKdSp3F5KycotpRQRxn1MSwUZJlDFT6wm9JlHMdWidHe2/gucw1
UtndTHK8gGzT45pGoJc15KJEWXLBUTNClCa+69r0uZAYHNkyxGFPiltxU0CYVqLjWE7dJ9V9AUE4
MTqfJzCAlpNlamZNTiBkCRWaM/AJ+aAHn++f41fmG8rly8iHTuGaydyaQte5FjWmQvAKgKA1tels
CLRly0vTlMq51aigUHlfGRPEePxOuohUeooo6FxvOsi6I7QTbeZqG/xjvKDbBI+tEuE5K7MwcL0e
SyDTbqAHijD8ybtFtJKxghozYWrFSwuvOWScEMmFFyuchWIoNC/vF3Xc0rTEqqs688PKV6v4i0yx
PPYEdM2oWXSYWKGY4lMPFdO5zaoCdUevoWjN+yO8cttSu7JXaDMnigewz1R7FnMkC0UUHgMHOSpv
Vh4Dp5xhaOKKxNH3SkYw+gAgcn0BPVAxcSB9HPBTLrKIbDTwaapGJZBIUvzgm7rClAdkVLraKZQm
74Hd4gzWDvmXyFUgfm6LKa1fkak8+rIMk/q6h4CBeSNuyZGTBsVak5gNuCtiiYAuInQq8mMx2MRz
xUBWFW518WW9Qgb5k+DqFEYFGb2qGncIrlHtWH8fbvfHN53t7k132/p75+8u5kOin7/EBWoHnevr
UVu6YnnV67+SSZ5cYtDH6rKHY2yBNlZTaSL1EHNhoDVniSspuZPlSeGUiwFKUi5OCI8DfCBUOWLx
Jy0arFEsbIAtyGz2xaFwNaIqUd5gkotMQVK+apSGSC21nI/HYnjLbsDxpWps51zi6CAV4xhoEduH
vHwpczhRDvGKLwYEMozIPiNRCv6QjCSlr97a3mI3GYtSX23hEDt8drZGuE8ZN9vYDuREC52Ci0qR
SxODxsOvLs/AGRpUXHU0CHkS6NfoIvRrzw/EyxUVZR7G+uUCwod+7UMvu9IJv4mTwKvr0JZLZAYN
enz5lW1cscfcDAC5eqHYMdvhA/PUbINOTUUgSE0SpCyhTrmYnBjVL9PfAzwgqfhFyltiRybEe6MJ
bm4U6rY6M2lJxRKqpV6U+ebHcn/NWHyz91vg2/rjcHkTmq3OUTyr3e52OhZuWpnsnxvQXf5ViFYn
Ask3FQYOIUpTo+CFj13+y6mBuSYBXOI4uoYzDK7xfDiDGKvZRG2/22RRsz1MsPLMD1JLNJI8Y9ef
235E8Sxy8akXfIVGOCbXVoWQlZMsYzz7SBAs2VgwGgikWbbVeypVtP9a1aXdx4VBTIAMu3Vvqdw3
rEQ0ZVcnwZgvF/58nktbLPj/gknc+URMF1UP/PHH/wHt+mgM
===END CRASH DUMP===
